Entering new queueing cycle
while bitflipping, 0 of 0 tries hit branch -1
while calibrating, 0 of 0 tries hit branch -1
calib stage: 19 new coverage in 638 total execs
calib stage: 11 new branches in 638 total execs
In deterministic stage, 0 of 0 tries hit branch -1
det stage: 24 new coverage in 9959 total execs
det stage: 15 new branches in 9959 total execs
In havoc stage, 0 of 0 tries hit branch -1
havoc stage: 57 new coverage in 42998 total execs
havoc stage: 21 new branches in 42998 total execs
Was returning list of size 0
Upped max exp to 9
Trying to fuzz input pals_floodmax.3.4.ufo.BOUNDED-6.pals.c_out/queue/id:000001,src:000000,op:flip1,pos:0,+cov: 
which hit branch 44071 (hit by 472 inputs) 
while bitflipping, 284 of 432 tries hit branch 44071
while calibrating, 122 of 163 tries hit branch 44071
calib stage: 0 new coverage in 596 total execs
calib stage: 0 new branches in 596 total execs
In havoc stage, 4056 of 4177 tries hit branch 44071
havoc stage: 0 new coverage in 4773 total execs
havoc stage: 0 new branches in 4773 total execs
