Entering new queueing cycle
while bitflipping, 0 of 0 tries hit branch -1
while calibrating, 0 of 0 tries hit branch -1
calib stage: 7 new coverage in 344 total execs
calib stage: 5 new branches in 344 total execs
In deterministic stage, 0 of 0 tries hit branch -1
det stage: 12 new coverage in 5806 total execs
det stage: 9 new branches in 5806 total execs
In havoc stage, 0 of 0 tries hit branch -1
havoc stage: 48 new coverage in 38862 total execs
havoc stage: 21 new branches in 38862 total execs
Trying to fuzz input pals_lcr-var-start-time.3.2.ufo.BOUNDED-6.pals.c_out/queue/id:000046,src:000000,op:havoc,rep:32,+cov: 
which hit branch 42230 (hit by 4 inputs) 
while bitflipping, 284 of 416 tries hit branch 42230
while calibrating, 123 of 157 tries hit branch 42230
calib stage: 0 new coverage in 573 total execs
calib stage: 0 new branches in 573 total execs
In deterministic stage, 3672 of 3679 tries hit branch 42230
det stage: 0 new coverage in 4252 total execs
det stage: 0 new branches in 4252 total execs
In havoc stage, 4128 of 8192 tries hit branch 42230
havoc stage: 3 new coverage in 12468 total execs
havoc stage: 0 new branches in 12468 total execs
Was returning list of size 0
Upped max exp to 6
Trying to fuzz input pals_lcr-var-start-time.3.2.ufo.BOUNDED-6.pals.c_out/queue/id:000050,src:000046,op:havoc,rep:128: 
which hit branch 60458 (hit by 53 inputs) 
while bitflipping, 552 of 640 tries hit branch 60458
while calibrating, 218 of 241 tries hit branch 60458
calib stage: 0 new coverage in 881 total execs
calib stage: 0 new branches in 881 total execs
In deterministic stage, 10539 of 10539 tries hit branch 60458
det stage: 0 new coverage in 11420 total execs
det stage: 0 new branches in 11420 total execs
In havoc stage, 604 of 1024 tries hit branch 60458
havoc stage: 0 new coverage in 12444 total execs
havoc stage: 0 new branches in 12444 total execs
Was returning list of size 0
Upped max exp to 7
Trying to fuzz input pals_lcr-var-start-time.3.2.ufo.BOUNDED-6.pals.c_out/queue/id:000051,src:000046,op:havoc,rep:128: 
which hit branch 33233 (hit by 81 inputs) 
while bitflipping, 350 of 384 tries hit branch 33233
while calibrating, 136 of 145 tries hit branch 33233
calib stage: 0 new coverage in 529 total execs
calib stage: 0 new branches in 529 total execs
In havoc stage, 3374 of 3376 tries hit branch 33233
havoc stage: 0 new coverage in 3905 total execs
havoc stage: 0 new branches in 3905 total execs
