Entering new queueing cycle
while bitflipping, 0 of 0 tries hit branch -1
while calibrating, 0 of 0 tries hit branch -1
calib stage: 1 new coverage in 80 total execs
calib stage: 0 new branches in 80 total execs
In deterministic stage, 0 of 0 tries hit branch -1
det stage: 3 new coverage in 1166 total execs
det stage: 2 new branches in 1166 total execs
In havoc stage, 0 of 0 tries hit branch -1
havoc stage: 19 new coverage in 17678 total execs
havoc stage: 14 new branches in 17678 total execs
Trying to fuzz input pals_floodmax.3.3.ufo.BOUNDED-6.pals.c_out/queue/id:000016,src:000000,op:havoc,rep:4,+cov: 
which hit branch 45757 (hit by 1 inputs) 
while bitflipping, 80 of 240 tries hit branch 45757
while calibrating, 50 of 91 tries hit branch 45757
calib stage: 2 new coverage in 347 total execs
calib stage: 0 new branches in 347 total execs
In deterministic stage, 1177 of 1182 tries hit branch 45757
det stage: 3 new coverage in 1537 total execs
det stage: 1 new branches in 1537 total execs
In havoc stage, 6594 of 16384 tries hit branch 45757
havoc stage: 21 new coverage in 18065 total execs
havoc stage: 3 new branches in 18065 total execs
Was returning list of size 0
Upped max exp to 3
Trying to fuzz input pals_floodmax.3.3.ufo.BOUNDED-6.pals.c_out/queue/id:000027,src:000016,op:havoc,rep:32: 
which hit branch 52599 (hit by 7 inputs) 
while bitflipping, 192 of 256 tries hit branch 52599
while calibrating, 80 of 97 tries hit branch 52599
calib stage: 0 new coverage in 353 total execs
calib stage: 0 new branches in 353 total execs
In deterministic stage, 3906 of 3912 tries hit branch 52599
det stage: 0 new coverage in 4265 total execs
det stage: 0 new branches in 4265 total execs
In havoc stage, 303 of 512 tries hit branch 52599
havoc stage: 0 new coverage in 4777 total execs
havoc stage: 0 new branches in 4777 total execs
Was returning list of size 0
Upped max exp to 6
Trying to fuzz input pals_floodmax.3.3.ufo.BOUNDED-6.pals.c_out/queue/id:000031,src:000016,op:havoc,rep:64: 
which hit branch 59603 (hit by 57 inputs) 
while bitflipping, 422 of 544 tries hit branch 59603
while calibrating, 174 of 205 tries hit branch 59603
calib stage: 0 new coverage in 749 total execs
calib stage: 0 new branches in 749 total execs
In deterministic stage, 8929 of 8932 tries hit branch 59603
det stage: 0 new coverage in 9681 total execs
det stage: 0 new branches in 9681 total execs
In havoc stage, 298 of 512 tries hit branch 59603
havoc stage: 0 new coverage in 10193 total execs
havoc stage: 0 new branches in 10193 total execs
Was returning list of size 0
Upped max exp to 7
Entering new queueing cycle
Trying to fuzz input pals_floodmax.3.3.ufo.BOUNDED-6.pals.c_out/queue/id:000002,src:000000,op:flip4,pos:0,+cov: 
which hit branch 33037 (hit by 102 inputs) 
while bitflipping, 56 of 64 tries hit branch 33037
while calibrating, 22 of 25 tries hit branch 33037
calib stage: 0 new coverage in 89 total execs
calib stage: 0 new branches in 89 total execs
In deterministic stage, 917 of 917 tries hit branch 33037
det stage: 0 new coverage in 1006 total execs
det stage: 0 new branches in 1006 total execs
In havoc stage, 326 of 512 tries hit branch 33037
havoc stage: 0 new coverage in 1518 total execs
havoc stage: 0 new branches in 1518 total execs
Was returning list of size 0
Upped max exp to 8
Trying to fuzz input pals_floodmax.3.3.ufo.BOUNDED-6.pals.c_out/queue/id:000026,src:000016,op:havoc,rep:2,+cov: 
which hit branch 64272 (hit by 208 inputs) 
while bitflipping, 246 of 448 tries hit branch 64272
while calibrating, 115 of 169 tries hit branch 64272
calib stage: 0 new coverage in 617 total execs
calib stage: 0 new branches in 617 total execs
In havoc stage, 4187 of 4216 tries hit branch 64272
havoc stage: 0 new coverage in 4833 total execs
havoc stage: 0 new branches in 4833 total execs
