Entering new queueing cycle
while bitflipping, 0 of 0 tries hit branch -1
while calibrating, 0 of 0 tries hit branch -1
calib stage: 30 new coverage in 1032 total execs
calib stage: 17 new branches in 1032 total execs
In deterministic stage, 0 of 0 tries hit branch -1
det stage: 53 new coverage in 16453 total execs
det stage: 22 new branches in 16453 total execs
In havoc stage, 0 of 0 tries hit branch -1
havoc stage: 91 new coverage in 49526 total execs
havoc stage: 32 new branches in 49526 total execs
Trying to fuzz input pals_opt-floodmax.4.2.ufo.BOUNDED-8.pals.c_out/queue/id:000081,src:000000,op:havoc,rep:16,+cov: 
which hit branch 25552 (hit by 6 inputs) 
while bitflipping, 478 of 832 tries hit branch 25552
while calibrating, 221 of 313 tries hit branch 25552
calib stage: 0 new coverage in 1145 total execs
calib stage: 0 new branches in 1145 total execs
In deterministic stage, 6056 of 6400 tries hit branch 25552
det stage: 0 new coverage in 7545 total execs
det stage: 0 new branches in 7545 total execs
In havoc stage, 529 of 1873 tries hit branch 25552
havoc stage: 1 new coverage in 9426 total execs
havoc stage: 1 new branches in 9426 total execs
