Entering new queueing cycle
while bitflipping, 0 of 0 tries hit branch -1
while calibrating, 0 of 0 tries hit branch -1
calib stage: 39 new coverage in 1392 total execs
calib stage: 26 new branches in 1392 total execs
In deterministic stage, 0 of 0 tries hit branch -1
det stage: 74 new coverage in 22519 total execs
det stage: 32 new branches in 22519 total execs
In havoc stage, 0 of 0 tries hit branch -1
havoc stage: 123 new coverage in 39295 total execs
havoc stage: 40 new branches in 39295 total execs
Trying to fuzz input pals_opt-floodmax.5.1.ufo.BOUNDED-10.pals.c_out/queue/id:000118,src:000000,op:havoc,rep:16,+cov: 
which hit branch 8383 (hit by 2 inputs) 
while bitflipping, 669 of 1168 tries hit branch 8383
while calibrating, 310 of 439 tries hit branch 8383
calib stage: 1 new coverage in 1615 total execs
calib stage: 1 new branches in 1615 total execs
In deterministic stage, 8674 of 8831 tries hit branch 8383
det stage: 1 new coverage in 10446 total execs
det stage: 1 new branches in 10446 total execs
In havoc stage, 162 of 512 tries hit branch 8383
havoc stage: 1 new coverage in 10958 total execs
havoc stage: 1 new branches in 10958 total execs
Trying to fuzz input pals_opt-floodmax.5.1.ufo.BOUNDED-10.pals.c_out/queue/id:000124,src:000118,op:flip1,pos:63,+cov: 
which hit branch 58589 (hit by 1 inputs) 
while bitflipping, 670 of 1168 tries hit branch 58589
while calibrating, 309 of 439 tries hit branch 58589
calib stage: 0 new coverage in 1607 total execs
calib stage: 0 new branches in 1607 total execs
In havoc stage, 2196 of 2213 tries hit branch 58589
havoc stage: 0 new coverage in 3820 total execs
havoc stage: 0 new branches in 3820 total execs
