Entering new queueing cycle
while bitflipping, 0 of 0 tries hit branch -1
while calibrating, 0 of 0 tries hit branch -1
calib stage: 1 new coverage in 80 total execs
calib stage: 0 new branches in 80 total execs
In deterministic stage, 0 of 0 tries hit branch -1
det stage: 2 new coverage in 1158 total execs
det stage: 1 new branches in 1158 total execs
In havoc stage, 0 of 0 tries hit branch -1
havoc stage: 24 new coverage in 7864 total execs
havoc stage: 14 new branches in 7864 total execs
Trying to fuzz input pals_lcr.8.1.ufo.BOUNDED-16.pals.c_out/queue/id:000020,src:000000,op:havoc,rep:16,+cov: 
which hit branch 48497 (hit by 1 inputs) 
while bitflipping, 68 of 288 tries hit branch 48497
while calibrating, 52 of 109 tries hit branch 48497
calib stage: 2 new coverage in 413 total execs
calib stage: 1 new branches in 413 total execs
In deterministic stage, 762 of 774 tries hit branch 48497
det stage: 2 new coverage in 1187 total execs
det stage: 1 new branches in 1187 total execs
In havoc stage, 2954 of 6528 tries hit branch 48497
havoc stage: 47 new coverage in 8075 total execs
havoc stage: 9 new branches in 8075 total execs
Trying to fuzz input pals_lcr.8.1.ufo.BOUNDED-16.pals.c_out/queue/id:000057,src:000020,op:havoc,rep:64,+cov: 
which hit branch 34934 (hit by 1 inputs) 
while bitflipping, 191 of 416 tries hit branch 34934
while calibrating, 99 of 157 tries hit branch 34934
calib stage: 1 new coverage in 581 total execs
calib stage: 0 new branches in 581 total execs
In deterministic stage, 3384 of 3392 tries hit branch 34934
det stage: 1 new coverage in 3973 total execs
det stage: 0 new branches in 3973 total execs
In havoc stage, 757 of 1749 tries hit branch 34934
havoc stage: 15 new coverage in 5834 total execs
havoc stage: 0 new branches in 5834 total execs
