Entering new queueing cycle
while bitflipping, 0 of 0 tries hit branch -1
while calibrating, 0 of 0 tries hit branch -1
calib stage: 13 new coverage in 392 total execs
calib stage: 7 new branches in 392 total execs
In deterministic stage, 0 of 0 tries hit branch -1
det stage: 21 new coverage in 5878 total execs
det stage: 12 new branches in 5878 total execs
In havoc stage, 0 of 0 tries hit branch -1
havoc stage: 56 new coverage in 38926 total execs
havoc stage: 24 new branches in 38926 total execs
Trying to fuzz input pals_lcr-var-start-time.3.ufo.BOUNDED-6.pals.c_out/queue/id:000051,src:000000,op:havoc,rep:16,+cov: 
which hit branch 13649 (hit by 7 inputs) 
while bitflipping, 278 of 408 tries hit branch 13649
while calibrating, 121 of 154 tries hit branch 13649
calib stage: 0 new coverage in 562 total execs
calib stage: 0 new branches in 562 total execs
In deterministic stage, 3784 of 3827 tries hit branch 13649
det stage: 0 new coverage in 4389 total execs
det stage: 0 new branches in 4389 total execs
In havoc stage, 12048 of 23544 tries hit branch 13649
havoc stage: 5 new coverage in 27973 total execs
havoc stage: 0 new branches in 27973 total execs
