Entering new queueing cycle
while bitflipping, 0 of 0 tries hit branch -1
while calibrating, 0 of 0 tries hit branch -1
calib stage: 1 new coverage in 80 total execs
calib stage: 0 new branches in 80 total execs
In deterministic stage, 0 of 0 tries hit branch -1
det stage: 3 new coverage in 1166 total execs
det stage: 2 new branches in 1166 total execs
In havoc stage, 0 of 0 tries hit branch -1
havoc stage: 23 new coverage in 34094 total execs
havoc stage: 15 new branches in 34094 total execs
Trying to fuzz input pals_floodmax.4.3.ufo.BOUNDED-8.pals.c_out/queue/id:000010,src:000000,op:havoc,rep:8,+cov: 
which hit branch 40595 (hit by 1 inputs) 
while bitflipping, 54 of 304 tries hit branch 40595
while calibrating, 52 of 115 tries hit branch 40595
calib stage: 3 new coverage in 443 total execs
calib stage: 1 new branches in 443 total execs
In deterministic stage, 787 of 824 tries hit branch 40595
det stage: 3 new coverage in 1267 total execs
det stage: 1 new branches in 1267 total execs
In havoc stage, 10131 of 28708 tries hit branch 40595
havoc stage: 36 new coverage in 30239 total execs
havoc stage: 3 new branches in 30239 total execs
