Entering new queueing cycle
while bitflipping, 0 of 0 tries hit branch -1
while calibrating, 0 of 0 tries hit branch -1
calib stage: 1 new coverage in 80 total execs
calib stage: 0 new branches in 80 total execs
In deterministic stage, 0 of 0 tries hit branch -1
det stage: 3 new coverage in 1166 total execs
det stage: 2 new branches in 1166 total execs
In havoc stage, 0 of 0 tries hit branch -1
havoc stage: 3 new coverage in 1678 total execs
havoc stage: 2 new branches in 1678 total execs
Trying to fuzz input pals_floodmax.4.2.ufo.BOUNDED-8.pals.c_out/queue/id:000002,src:000000,op:flip4,pos:0,+cov: 
which hit branch 27977 (hit by 1 inputs) 
while bitflipping, 56 of 64 tries hit branch 27977
while calibrating, 22 of 25 tries hit branch 27977
calib stage: 0 new coverage in 89 total execs
calib stage: 0 new branches in 89 total execs
In deterministic stage, 917 of 917 tries hit branch 27977
det stage: 0 new coverage in 1006 total execs
det stage: 0 new branches in 1006 total execs
In havoc stage, 9695 of 16384 tries hit branch 27977
havoc stage: 13 new coverage in 17494 total execs
havoc stage: 12 new branches in 17494 total execs
Trying to fuzz input pals_floodmax.4.2.ufo.BOUNDED-8.pals.c_out/queue/id:000013,src:000002,op:havoc,rep:64,+cov: 
which hit branch 28935 (hit by 1 inputs) 
while bitflipping, 446 of 448 tries hit branch 28935
while calibrating, 169 of 169 tries hit branch 28935
calib stage: 7 new coverage in 673 total execs
calib stage: 2 new branches in 673 total execs
In deterministic stage, 10829 of 10850 tries hit branch 28935
det stage: 9 new coverage in 11539 total execs
det stage: 2 new branches in 11539 total execs
In havoc stage, 4888 of 16384 tries hit branch 28935
havoc stage: 30 new coverage in 28091 total execs
havoc stage: 5 new branches in 28091 total execs
Was returning list of size 0
Upped max exp to 4
Trying to fuzz input pals_floodmax.4.2.ufo.BOUNDED-8.pals.c_out/queue/id:000036,src:000013,op:havoc,rep:8,+cov: 
which hit branch 21109 (hit by 11 inputs) 
while bitflipping, 164 of 480 tries hit branch 21109
while calibrating, 100 of 181 tries hit branch 21109
calib stage: 0 new coverage in 661 total execs
calib stage: 0 new branches in 661 total execs
In deterministic stage, 2424 of 2471 tries hit branch 21109
det stage: 0 new coverage in 3132 total execs
det stage: 0 new branches in 3132 total execs
In havoc stage, 1966 of 5334 tries hit branch 21109
havoc stage: 11 new coverage in 8554 total execs
havoc stage: 0 new branches in 8554 total execs
