Entering new queueing cycle
while bitflipping, 0 of 0 tries hit branch -1
while calibrating, 0 of 0 tries hit branch -1
calib stage: 1 new coverage in 80 total execs
calib stage: 0 new branches in 80 total execs
In deterministic stage, 0 of 0 tries hit branch -1
det stage: 2 new coverage in 1158 total execs
det stage: 1 new branches in 1158 total execs
In havoc stage, 0 of 0 tries hit branch -1
havoc stage: 25 new coverage in 17727 total execs
havoc stage: 16 new branches in 17727 total execs
Trying to fuzz input pals_lcr-var-start-time.5.1.ufo.BOUNDED-10.pals.c_out/queue/id:000021,src:000000,op:havoc,rep:16,+cov: 
which hit branch 15653 (hit by 1 inputs) 
while bitflipping, 314 of 320 tries hit branch 15653
while calibrating, 117 of 121 tries hit branch 15653
calib stage: 12 new coverage in 537 total execs
calib stage: 2 new branches in 537 total execs
In deterministic stage, 6387 of 7497 tries hit branch 15653
det stage: 16 new coverage in 8067 total execs
det stage: 2 new branches in 8067 total execs
In havoc stage, 200 of 1168 tries hit branch 15653
havoc stage: 27 new coverage in 9323 total execs
havoc stage: 2 new branches in 9323 total execs
