Entering new queueing cycle
while bitflipping, 0 of 0 tries hit branch -1
while calibrating, 0 of 0 tries hit branch -1
calib stage: 1 new coverage in 80 total execs
calib stage: 0 new branches in 80 total execs
In deterministic stage, 0 of 0 tries hit branch -1
det stage: 2 new coverage in 1158 total execs
det stage: 1 new branches in 1158 total execs
In havoc stage, 0 of 0 tries hit branch -1
havoc stage: 18 new coverage in 34054 total execs
havoc stage: 10 new branches in 34054 total execs
Trying to fuzz input pals_STARTPALS_ActiveStandby.5.ufo.BOUNDED-10.pals.c_out/queue/id:000003,src:000000,op:havoc,rep:128,+cov: 
which hit branch 5571 (hit by 11 inputs) 
while bitflipping, 60 of 192 tries hit branch 5571
while calibrating, 41 of 73 tries hit branch 5571
calib stage: 0 new coverage in 265 total execs
calib stage: 0 new branches in 265 total execs
In deterministic stage, 862 of 862 tries hit branch 5571
det stage: 0 new coverage in 1127 total execs
det stage: 0 new branches in 1127 total execs
In havoc stage, 14668 of 31718 tries hit branch 5571
havoc stage: 13 new coverage in 32949 total execs
havoc stage: 3 new branches in 32949 total execs
