Entering new queueing cycle
while bitflipping, 0 of 0 tries hit branch -1
while calibrating, 0 of 0 tries hit branch -1
calib stage: 1 new coverage in 80 total execs
calib stage: 0 new branches in 80 total execs
In deterministic stage, 0 of 0 tries hit branch -1
det stage: 3 new coverage in 1166 total execs
det stage: 2 new branches in 1166 total execs
In havoc stage, 0 of 0 tries hit branch -1
havoc stage: 15 new coverage in 17646 total execs
havoc stage: 12 new branches in 17646 total execs
Trying to fuzz input pals_opt-floodmax.5.4.ufo.BOUNDED-10.pals.c_out/queue/id:000014,src:000000,op:havoc,rep:16,+cov: 
which hit branch 52841 (hit by 1 inputs) 
while bitflipping, 622 of 624 tries hit branch 52841
while calibrating, 234 of 235 tries hit branch 52841
calib stage: 3 new coverage in 883 total execs
calib stage: 0 new branches in 883 total execs
In deterministic stage, 15371 of 15392 tries hit branch 52841
det stage: 5 new coverage in 16292 total execs
det stage: 2 new branches in 16292 total execs
In havoc stage, 3338 of 12288 tries hit branch 52841
havoc stage: 23 new coverage in 28724 total execs
havoc stage: 9 new branches in 28724 total execs
Trying to fuzz input pals_opt-floodmax.5.4.ufo.BOUNDED-10.pals.c_out/queue/id:000032,src:000014,op:havoc,rep:16,+cov: 
which hit branch 37540 (hit by 1 inputs) 
while bitflipping, 278 of 320 tries hit branch 37540
In havoc stage, 22 of 27 tries hit branch 37540
havoc stage: 0 new coverage in 347 total execs
havoc stage: 0 new branches in 347 total execs
