
*** Imported 36 new test cases from: pals_STARTPALS_ActiveStandby.4_2.ufo.BOUNDED-10.pals.c_out/default/queue

[+] AFL test case: id:000000,time:0,execs:0,orig:hello.txt (0 / 36), cycle: 0
    lines......: 1.0% (210 of 21355 lines)
    functions..: 1.0% (8 of 791 functions)
    branches...: 0.3% (46 of 15950 branches)

    Coverage diff (init) id:000000,time:0,execs:0,orig:hello.txt
diff (init) -> id:000000,time:0,execs:0,orig:hello.txt
New src file: /aflhellobatch/pals_STARTPALS_ActiveStandby.4_2.ufo.BOUNDED-10.pals.c
  New 'function' coverage: Console_task_each_pals_period()
  New 'function' coverage: Pendulum_prism_task_each_pals_period()
  New 'function' coverage: Side1_activestandby_task_each_pals_period()
  New 'function' coverage: Side2_activestandby_task_each_pals_period()
  New 'function' coverage: __VERIFIER_nondet_bool()
  New 'function' coverage: __VERIFIER_nondet_char()
  New 'function' coverage: get_inputs()
  New 'function' coverage: main()
  New 'line' coverage: 14
  New 'line' coverage: 148
  New 'line' coverage: 149
  New 'line' coverage: 16
  New 'line' coverage: 163
  New 'line' coverage: 168
  New 'line' coverage: 169
  New 'line' coverage: 17
  New 'line' coverage: 170
  New 'line' coverage: 171
  New 'line' coverage: 19
  New 'line' coverage: 193
  New 'line' coverage: 198
  New 'line' coverage: 199
  New 'line' coverage: 20
  New 'line' coverage: 200
  New 'line' coverage: 201
  New 'line' coverage: 22
  New 'line' coverage: 223
  New 'line' coverage: 228
  New 'line' coverage: 229
  New 'line' coverage: 23
  New 'line' coverage: 230
  New 'line' coverage: 231
  New 'line' coverage: 234
  New 'line' coverage: 24
  New 'line' coverage: 248
  New 'line' coverage: 253
  New 'line' coverage: 258
  New 'line' coverage: 259
  New 'line' coverage: 260
  New 'line' coverage: 261
  New 'line' coverage: 27
  New 'line' coverage: 29
  New 'line' coverage: 30
  New 'line' coverage: 32
  New 'line' coverage: 34
  New 'line' coverage: 340
  New 'line' coverage: 342
  New 'line' coverage: 343
  New 'line' coverage: 346
  New 'line' coverage: 347
  New 'line' coverage: 348
  New 'line' coverage: 349
  New 'line' coverage: 35
  New 'line' coverage: 350
  New 'line' coverage: 351
  New 'line' coverage: 352
  New 'line' coverage: 355
  New 'line' coverage: 357
  New 'line' coverage: 358
  New 'line' coverage: 359
  New 'line' coverage: 36
  New 'line' coverage: 360
  New 'line' coverage: 363
  New 'line' coverage: 364
  New 'line' coverage: 365
  New 'line' coverage: 366
  New 'line' coverage: 367
  New 'line' coverage: 368
  New 'line' coverage: 37
  New 'line' coverage: 375
  New 'line' coverage: 376
  New 'line' coverage: 377
  New 'line' coverage: 378
  New 'line' coverage: 379
  New 'line' coverage: 38
  New 'line' coverage: 380
  New 'line' coverage: 381
  New 'line' coverage: 384
  New 'line' coverage: 39
  New 'line' coverage: 391
  New 'line' coverage: 392
  New 'line' coverage: 393
  New 'line' coverage: 396
  New 'line' coverage: 40
  New 'line' coverage: 400
  New 'line' coverage: 405
  New 'line' coverage: 406
  New 'line' coverage: 407
  New 'line' coverage: 408
  New 'line' coverage: 409
  New 'line' coverage: 41
  New 'line' coverage: 412
  New 'line' coverage: 414
  New 'line' coverage: 415
  New 'line' coverage: 416
  New 'line' coverage: 417
  New 'line' coverage: 42
  New 'line' coverage: 420
  New 'line' coverage: 421
  New 'line' coverage: 422
  New 'line' coverage: 423
  New 'line' coverage: 424
  New 'line' coverage: 425
  New 'line' coverage: 432
  New 'line' coverage: 433
  New 'line' coverage: 434
  New 'line' coverage: 435
  New 'line' coverage: 436
  New 'line' coverage: 437
  New 'line' coverage: 438
  New 'line' coverage: 441
  New 'line' coverage: 448
  New 'line' coverage: 449
  New 'line' coverage: 450
  New 'line' coverage: 453
  New 'line' coverage: 457
  New 'line' coverage: 462
  New 'line' coverage: 463
  New 'line' coverage: 464
  New 'line' coverage: 465
  New 'line' coverage: 466
  New 'line' coverage: 469
  New 'line' coverage: 471
  New 'line' coverage: 472
  New 'line' coverage: 473
  New 'line' coverage: 474
  New 'line' coverage: 477
  New 'line' coverage: 478
  New 'line' coverage: 479
  New 'line' coverage: 480
  New 'line' coverage: 481
  New 'line' coverage: 482
  New 'line' coverage: 483
  New 'line' coverage: 484
  New 'line' coverage: 485
  New 'line' coverage: 488
  New 'line' coverage: 491
  New 'line' coverage: 498
  New 'line' coverage: 499
  New 'line' coverage: 500
  New 'line' coverage: 503
  New 'line' coverage: 508
  New 'line' coverage: 509
  New 'line' coverage: 631
  New 'line' coverage: 632
  New 'line' coverage: 633
  New 'line' coverage: 634
  New 'line' coverage: 637
  New 'line' coverage: 638
  New 'line' coverage: 639
  New 'line' coverage: 640
  New 'line' coverage: 641
  New 'line' coverage: 642
  New 'line' coverage: 643
  New 'line' coverage: 644
  New 'line' coverage: 645
  New 'line' coverage: 646
  New 'line' coverage: 647
  New 'line' coverage: 648
  New 'line' coverage: 649
  New 'line' coverage: 650
  New 'line' coverage: 651
  New 'line' coverage: 652
  New 'line' coverage: 653
  New 'line' coverage: 654
  New 'line' coverage: 655
  New 'line' coverage: 656
  New 'line' coverage: 657
  New 'line' coverage: 658
  New 'line' coverage: 659
  New 'line' coverage: 660
  New 'line' coverage: 661
  New 'line' coverage: 662
  New 'line' coverage: 663
  New 'line' coverage: 664
  New 'line' coverage: 665
  New 'line' coverage: 666
  New 'line' coverage: 667
  New 'line' coverage: 668
  New 'line' coverage: 669
  New 'line' coverage: 670
  New 'line' coverage: 671
  New 'line' coverage: 672
  New 'line' coverage: 673
  New 'line' coverage: 675
  New 'line' coverage: 676
  New 'line' coverage: 677
  New 'line' coverage: 678
  New 'line' coverage: 679
  New 'line' coverage: 680
  New 'line' coverage: 681
  New 'line' coverage: 682
  New 'line' coverage: 683
  New 'line' coverage: 684
  New 'line' coverage: 685
  New 'line' coverage: 686
  New 'line' coverage: 687
  New 'line' coverage: 688
  New 'line' coverage: 689
  New 'line' coverage: 690
  New 'line' coverage: 691
  New 'line' coverage: 692
  New 'line' coverage: 693
  New 'line' coverage: 694
  New 'line' coverage: 695
  New 'line' coverage: 696
  New 'line' coverage: 697
  New 'line' coverage: 701
  New 'line' coverage: 703
  New 'line' coverage: 708
  New 'line' coverage: 711
  New 'line' coverage: 75
  New 'line' coverage: 76
  New 'line' coverage: 77
  New 'line' coverage: 78
  New 'line' coverage: 79
  New 'line' coverage: 80
  New 'line' coverage: 81

[+] AFL test case: id:000001,src:000000,time:195,execs:11,op:havoc,rep:16,+cov (1 / 36), cycle: 0
    lines......: 1.0% (210 of 21355 lines)
    functions..: 1.0% (8 of 791 functions)
    branches...: 0.3% (46 of 15950 branches)
[+] AFL test case: id:000002,src:000000,time:858,execs:22,op:havoc,rep:8,+cov (2 / 36), cycle: 0
    lines......: 1.0% (210 of 21355 lines)
    functions..: 1.0% (8 of 791 functions)
    branches...: 0.3% (46 of 15950 branches)
[+] AFL test case: id:000003,src:000000,time:2876,execs:59,op:havoc,rep:4,+cov (3 / 36), cycle: 0
    lines......: 1.0% (210 of 21355 lines)
    functions..: 1.0% (8 of 791 functions)
    branches...: 0.3% (46 of 15950 branches)
[+] AFL test case: id:000004,src:000000,time:5035,execs:99,op:havoc,rep:8 (4 / 36), cycle: 0
    lines......: 1.0% (210 of 21355 lines)
    functions..: 1.0% (8 of 791 functions)
    branches...: 0.3% (46 of 15950 branches)
[+] AFL test case: id:000005,src:000000,time:14567,execs:276,op:havoc,rep:4,+cov (5 / 36), cycle: 0
    lines......: 1.0% (210 of 21355 lines)
    functions..: 1.0% (8 of 791 functions)
    branches...: 0.3% (46 of 15950 branches)
[+] AFL test case: id:000006,src:000000,time:18145,execs:339,op:havoc,rep:16,+cov (6 / 36), cycle: 0
    lines......: 1.0% (210 of 21355 lines)
    functions..: 1.0% (8 of 791 functions)
    branches...: 0.3% (46 of 15950 branches)
[+] AFL test case: id:000007,src:000000,time:22129,execs:408,op:havoc,rep:16 (7 / 36), cycle: 0
    lines......: 1.0% (210 of 21355 lines)
    functions..: 1.0% (8 of 791 functions)
    branches...: 0.3% (46 of 15950 branches)
[+] AFL test case: id:000008,src:000000,time:34146,execs:631,op:havoc,rep:2,+cov (8 / 36), cycle: 0
    lines......: 1.0% (210 of 21355 lines)
    functions..: 1.0% (8 of 791 functions)
    branches...: 0.3% (46 of 15950 branches)
[+] AFL test case: id:000009,src:000000,time:47574,execs:884,op:havoc,rep:16,+cov (9 / 36), cycle: 0
    lines......: 1.0% (210 of 21355 lines)
    functions..: 1.0% (8 of 791 functions)
    branches...: 0.3% (46 of 15950 branches)
[+] AFL test case: id:000010,src:000000,time:57450,execs:1069,op:havoc,rep:16,+cov (10 / 36), cycle: 0
    lines......: 1.0% (210 of 21355 lines)
    functions..: 1.0% (8 of 791 functions)
    branches...: 0.3% (46 of 15950 branches)
[+] AFL test case: id:000011,src:000000,time:71914,execs:1342,op:havoc,rep:16,+cov (11 / 36), cycle: 0
    lines......: 1.0% (210 of 21355 lines)
    functions..: 1.0% (8 of 791 functions)
    branches...: 0.3% (46 of 15950 branches)
[+] AFL test case: id:000012,src:000000,time:77200,execs:1440,op:havoc,rep:4,+cov (12 / 36), cycle: 0
    lines......: 1.0% (210 of 21355 lines)
    functions..: 1.0% (8 of 791 functions)
    branches...: 0.3% (46 of 15950 branches)
[+] AFL test case: id:000013,src:000000,time:99360,execs:1836,op:havoc,rep:16,+cov (13 / 36), cycle: 0
    lines......: 1.0% (210 of 21355 lines)
    functions..: 1.0% (8 of 791 functions)
    branches...: 0.3% (46 of 15950 branches)
[+] AFL test case: id:000014,src:000000,time:101808,execs:1862,op:havoc,rep:16,+cov (14 / 36), cycle: 0
    lines......: 1.0% (210 of 21355 lines)
    functions..: 1.0% (8 of 791 functions)
    branches...: 0.3% (46 of 15950 branches)
[+] AFL test case: id:000015,src:000000,time:141856,execs:2566,op:havoc,rep:16,+cov (15 / 36), cycle: 0
    lines......: 1.0% (220 of 21355 lines)
    functions..: 1.0% (8 of 791 functions)
    branches...: 0.3% (48 of 15950 branches)

    Coverage diff id:000014,src:000000,time:101808,execs:1862,op:havoc,rep:16,+cov id:000015,src:000000,time:141856,execs:2566,op:havoc,rep:16,+cov
diff id:000014,src:000000,time:101808,execs:1862,op:havoc,rep:16,+cov -> id:000015,src:000000,time:141856,execs:2566,op:havoc,rep:16,+cov
Src file: /aflhellobatch/pals_STARTPALS_ActiveStandby.4_2.ufo.BOUNDED-10.pals.c
  New 'line' coverage: 369
  New 'line' coverage: 370
  New 'line' coverage: 371
  New 'line' coverage: 372
  New 'line' coverage: 373
  New 'line' coverage: 426
  New 'line' coverage: 427
  New 'line' coverage: 428
  New 'line' coverage: 429
  New 'line' coverage: 430

[+] AFL test case: id:000016,src:000000,time:162086,execs:2922,op:havoc,rep:2 (16 / 36), cycle: 0
    lines......: 1.0% (220 of 21355 lines)
    functions..: 1.0% (8 of 791 functions)
    branches...: 0.3% (48 of 15950 branches)
[+] AFL test case: id:000017,src:000000+000003,time:191243,execs:3386,op:splice,rep:16,+cov (17 / 36), cycle: 0
    lines......: 1.0% (220 of 21355 lines)
    functions..: 1.0% (8 of 791 functions)
    branches...: 0.3% (48 of 15950 branches)
[+] AFL test case: id:000018,src:000000+000016,time:194311,execs:3432,op:splice,rep:2,+cov (18 / 36), cycle: 0
    lines......: 1.0% (222 of 21355 lines)
    functions..: 1.0% (8 of 791 functions)
    branches...: 0.3% (54 of 15950 branches)

    Coverage diff id:000017,src:000000+000003,time:191243,execs:3386,op:splice,rep:16,+cov id:000018,src:000000+000016,time:194311,execs:3432,op:splice,rep:2,+cov
diff id:000017,src:000000+000003,time:191243,execs:3386,op:splice,rep:16,+cov -> id:000018,src:000000+000016,time:194311,execs:3432,op:splice,rep:2,+cov
Src file: /aflhellobatch/pals_STARTPALS_ActiveStandby.4_2.ufo.BOUNDED-10.pals.c
  New 'line' coverage: 492
  New 'line' coverage: 495

[+] AFL test case: id:000019,src:000000+000016,time:195077,execs:3443,op:splice,rep:16 (19 / 36), cycle: 0
    lines......: 1.0% (222 of 21355 lines)
    functions..: 1.0% (8 of 791 functions)
    branches...: 0.3% (54 of 15950 branches)
[+] AFL test case: id:000020,src:000000+000016,time:196251,execs:3461,op:splice,rep:4,+cov (20 / 36), cycle: 0
    lines......: 1.0% (222 of 21355 lines)
    functions..: 1.0% (8 of 791 functions)
    branches...: 0.3% (54 of 15950 branches)
[+] AFL test case: id:000021,src:000000+000016,time:197125,execs:3474,op:splice,rep:4,+cov (21 / 36), cycle: 0
    lines......: 1.0% (222 of 21355 lines)
    functions..: 1.0% (8 of 791 functions)
    branches...: 0.3% (54 of 15950 branches)
[+] AFL test case: id:000022,src:000000+000016,time:198510,execs:3493,op:splice,rep:8,+cov (22 / 36), cycle: 0
    lines......: 1.0% (222 of 21355 lines)
    functions..: 1.0% (8 of 791 functions)
    branches...: 0.3% (54 of 15950 branches)
[+] AFL test case: id:000023,src:000000+000016,time:201797,execs:3546,op:splice,rep:8,+cov (23 / 36), cycle: 0
    lines......: 1.0% (222 of 21355 lines)
    functions..: 1.0% (8 of 791 functions)
    branches...: 0.3% (54 of 15950 branches)
[+] AFL test case: id:000024,src:000000+000016,time:207269,execs:3621,op:splice,rep:16,+cov (24 / 36), cycle: 0
    lines......: 1.0% (222 of 21355 lines)
    functions..: 1.0% (8 of 791 functions)
    branches...: 0.3% (54 of 15950 branches)
[+] AFL test case: id:000025,src:000000+000016,time:208081,execs:3632,op:splice,rep:8 (25 / 36), cycle: 0
    lines......: 1.0% (222 of 21355 lines)
    functions..: 1.0% (8 of 791 functions)
    branches...: 0.3% (54 of 15950 branches)
[+] AFL test case: id:000026,src:000000+000016,time:217257,execs:3773,op:splice,rep:8 (26 / 36), cycle: 0
    lines......: 1.0% (222 of 21355 lines)
    functions..: 1.0% (8 of 791 functions)
    branches...: 0.3% (54 of 15950 branches)
[+] AFL test case: id:000027,src:000000+000016,time:218500,execs:3792,op:splice,rep:2 (27 / 36), cycle: 0
    lines......: 1.0% (222 of 21355 lines)
    functions..: 1.0% (8 of 791 functions)
    branches...: 0.3% (54 of 15950 branches)
[+] AFL test case: id:000028,src:000000+000016,time:219926,execs:3815,op:splice,rep:4 (28 / 36), cycle: 0
    lines......: 1.0% (222 of 21355 lines)
    functions..: 1.0% (8 of 791 functions)
    branches...: 0.3% (54 of 15950 branches)
[+] AFL test case: id:000029,src:000000+000016,time:221378,execs:3839,op:splice,rep:4 (29 / 36), cycle: 0
    lines......: 1.0% (222 of 21355 lines)
    functions..: 1.0% (8 of 791 functions)
    branches...: 0.3% (54 of 15950 branches)
[+] AFL test case: id:000030,src:000000+000016,time:247072,execs:4261,op:splice,rep:4 (30 / 36), cycle: 0
    lines......: 1.0% (222 of 21355 lines)
    functions..: 1.0% (8 of 791 functions)
    branches...: 0.3% (54 of 15950 branches)
[+] AFL test case: id:000031,src:000000+000016,time:280454,execs:4833,op:splice,rep:16,+cov (31 / 36), cycle: 0
    lines......: 1.0% (222 of 21355 lines)
    functions..: 1.0% (8 of 791 functions)
    branches...: 0.3% (54 of 15950 branches)
[+] AFL test case: id:000032,src:000000+000028,time:299118,execs:5148,op:splice,rep:8,+cov (32 / 36), cycle: 0
    lines......: 1.0% (222 of 21355 lines)
    functions..: 1.0% (8 of 791 functions)
    branches...: 0.3% (54 of 15950 branches)
[+] AFL test case: id:000033,src:000023+000030,time:305051,execs:5241,op:splice,rep:8,+cov (33 / 36), cycle: 0
    lines......: 1.0% (222 of 21355 lines)
    functions..: 1.0% (8 of 791 functions)
    branches...: 0.3% (54 of 15950 branches)
[+] AFL test case: id:000034,src:000003+000032,time:324867,execs:5547,op:splice,rep:8,+cov (34 / 36), cycle: 0
    lines......: 1.0% (222 of 21355 lines)
    functions..: 1.0% (8 of 791 functions)
    branches...: 0.4% (59 of 15950 branches)
[+] AFL test case: id:000035,src:000034+000019,time:479025,execs:8017,op:splice,rep:16 (35 / 36), cycle: 0
    lines......: 1.0% (222 of 21355 lines)
    functions..: 1.0% (8 of 791 functions)
    branches...: 0.4% (59 of 15950 branches)
[+] Processed 36 / 36 test cases.

[+] Final zero coverage report: pals_STARTPALS_ActiveStandby.4_2.ufo.BOUNDED-10.pals.c_out/cov/zero-cov
[+] Final positive coverage report: pals_STARTPALS_ActiveStandby.4_2.ufo.BOUNDED-10.pals.c_out/cov/pos-cov
    lines......: 1.0% (222 of 21355 lines)
    functions..: 1.0% (8 of 791 functions)
    branches...: 0.4% (59 of 15950 branches)
[+] Final lcov web report: pals_STARTPALS_ActiveStandby.4_2.ufo.BOUNDED-10.pals.c_out/cov/web/index.html
