Entering new queueing cycle
while bitflipping, 0 of 0 tries hit branch -1
while calibrating, 0 of 0 tries hit branch -1
calib stage: 0 new coverage in 36 total execs
calib stage: 0 new branches in 36 total execs
In deterministic stage, 0 of 0 tries hit branch -1
det stage: 3 new coverage in 656 total execs
det stage: 3 new branches in 656 total execs
In havoc stage, 0 of 0 tries hit branch -1
havoc stage: 16 new coverage in 33530 total execs
havoc stage: 13 new branches in 33530 total execs
Trying to fuzz input pals_floodmax.4.1.ufo.BOUNDED-8.pals.c_out/queue/id:000016,src:000000,op:havoc,rep:8,+cov: 
which hit branch 47334 (hit by 1 inputs) 
while bitflipping, 32 of 128 tries hit branch 47334
while calibrating, 24 of 49 tries hit branch 47334
calib stage: 0 new coverage in 177 total execs
calib stage: 0 new branches in 177 total execs
In deterministic stage, 284 of 287 tries hit branch 47334
det stage: 0 new coverage in 464 total execs
det stage: 0 new branches in 464 total execs
In havoc stage, 10298 of 28305 tries hit branch 47334
havoc stage: 35 new coverage in 29049 total execs
havoc stage: 7 new branches in 29049 total execs
