Entering new queueing cycle
while bitflipping, 0 of 0 tries hit branch -1
while calibrating, 0 of 0 tries hit branch -1
calib stage: 1 new coverage in 80 total execs
calib stage: 0 new branches in 80 total execs
In deterministic stage, 0 of 0 tries hit branch -1
det stage: 2 new coverage in 1158 total execs
det stage: 1 new branches in 1158 total execs
In havoc stage, 0 of 0 tries hit branch -1
havoc stage: 22 new coverage in 7850 total execs
havoc stage: 12 new branches in 7850 total execs
Trying to fuzz input pals_lcr.4.1.ufo.BOUNDED-8.pals.c_out/queue/id:000015,src:000000,op:havoc,rep:128,+cov: 
which hit branch 25499 (hit by 2 inputs) 
while bitflipping, 22 of 112 tries hit branch 25499
while calibrating, 18 of 43 tries hit branch 25499
calib stage: 0 new coverage in 155 total execs
calib stage: 0 new branches in 155 total execs
In deterministic stage, 205 of 215 tries hit branch 25499
det stage: 0 new coverage in 371 total execs
det stage: 0 new branches in 371 total execs
In havoc stage, 2361 of 6528 tries hit branch 25499
havoc stage: 15 new coverage in 7019 total execs
havoc stage: 4 new branches in 7019 total execs
Trying to fuzz input pals_lcr.4.1.ufo.BOUNDED-8.pals.c_out/queue/id:000032,src:000015,op:havoc,rep:8,+cov: 
which hit branch 23032 (hit by 1 inputs) 
while bitflipping, 167 of 296 tries hit branch 23032
while calibrating, 79 of 112 tries hit branch 23032
calib stage: 3 new coverage in 432 total execs
calib stage: 0 new branches in 432 total execs
In deterministic stage, 3489 of 3514 tries hit branch 23032
det stage: 3 new coverage in 3946 total execs
det stage: 0 new branches in 3946 total execs
In havoc stage, 76 of 204 tries hit branch 23032
havoc stage: 3 new coverage in 4150 total execs
havoc stage: 0 new branches in 4150 total execs
Was returning list of size 0
Upped max exp to 2
Trying to fuzz input pals_lcr.4.1.ufo.BOUNDED-8.pals.c_out/queue/id:000033,src:000015,op:havoc,rep:128,+cov: 
which hit branch 48450 (hit by 3 inputs) 
while bitflipping, 176 of 240 tries hit branch 48450
while calibrating, 74 of 91 tries hit branch 48450
calib stage: 1 new coverage in 339 total execs
calib stage: 0 new branches in 339 total execs
In deterministic stage, 3235 of 3243 tries hit branch 48450
det stage: 1 new coverage in 3582 total execs
det stage: 0 new branches in 3582 total execs
In havoc stage, 1177 of 2077 tries hit branch 48450
havoc stage: 5 new coverage in 5691 total execs
havoc stage: 0 new branches in 5691 total execs
