Entering new queueing cycle
while bitflipping, 0 of 0 tries hit branch -1
while calibrating, 0 of 0 tries hit branch -1
calib stage: 1 new coverage in 80 total execs
calib stage: 0 new branches in 80 total execs
In deterministic stage, 0 of 0 tries hit branch -1
det stage: 3 new coverage in 1166 total execs
det stage: 2 new branches in 1166 total execs
In havoc stage, 0 of 0 tries hit branch -1
havoc stage: 22 new coverage in 34086 total execs
havoc stage: 15 new branches in 34086 total execs
Trying to fuzz input pals_floodmax.4.1.ufo.BOUNDED-8.pals.c_out/queue/id:000011,src:000000,op:havoc,rep:4,+cov: 
which hit branch 57794 (hit by 1 inputs) 
while bitflipping, 53 of 248 tries hit branch 57794
while calibrating, 44 of 94 tries hit branch 57794
calib stage: 2 new coverage in 358 total execs
calib stage: 1 new branches in 358 total execs
In deterministic stage, 728 of 797 tries hit branch 57794
det stage: 3 new coverage in 1163 total execs
det stage: 1 new branches in 1163 total execs
In havoc stage, 6548 of 27293 tries hit branch 57794
havoc stage: 27 new coverage in 28648 total execs
havoc stage: 2 new branches in 28648 total execs
