Entering new queueing cycle
while bitflipping, 0 of 0 tries hit branch -1
while calibrating, 0 of 0 tries hit branch -1
calib stage: 1 new coverage in 80 total execs
calib stage: 0 new branches in 80 total execs
In deterministic stage, 0 of 0 tries hit branch -1
det stage: 3 new coverage in 1166 total execs
det stage: 2 new branches in 1166 total execs
In havoc stage, 0 of 0 tries hit branch -1
havoc stage: 19 new coverage in 34065 total execs
havoc stage: 13 new branches in 34065 total execs
Trying to fuzz input pals_opt-floodmax.3.ufo.BOUNDED-6.pals.c_out/queue/id:000017,src:000000,op:havoc,rep:4,+cov: 
which hit branch 63336 (hit by 3 inputs) 
while bitflipping, 56 of 232 tries hit branch 63336
while calibrating, 42 of 88 tries hit branch 63336
calib stage: 0 new coverage in 320 total execs
calib stage: 0 new branches in 320 total execs
In deterministic stage, 852 of 853 tries hit branch 63336
det stage: 1 new coverage in 1181 total execs
det stage: 1 new branches in 1181 total execs
In havoc stage, 6371 of 14433 tries hit branch 63336
havoc stage: 12 new coverage in 15705 total execs
havoc stage: 4 new branches in 15705 total execs
