Entering new queueing cycle
while bitflipping, 0 of 0 tries hit branch -1
while calibrating, 0 of 0 tries hit branch -1
calib stage: 1 new coverage in 80 total execs
calib stage: 0 new branches in 80 total execs
In deterministic stage, 0 of 0 tries hit branch -1
det stage: 3 new coverage in 1166 total execs
det stage: 2 new branches in 1166 total execs
In havoc stage, 0 of 0 tries hit branch -1
havoc stage: 12 new coverage in 17623 total execs
havoc stage: 11 new branches in 17623 total execs
Trying to fuzz input pals_opt-floodmax.5.1.ufo.BOUNDED-10.pals.c_out/queue/id:000010,src:000000,op:havoc,rep:8,+cov: 
which hit branch 57066 (hit by 1 inputs) 
while bitflipping, 104 of 392 tries hit branch 57066
while calibrating, 74 of 148 tries hit branch 57066
calib stage: 3 new coverage in 564 total execs
calib stage: 0 new branches in 564 total execs
In deterministic stage, 1452 of 1491 tries hit branch 57066
det stage: 4 new coverage in 2064 total execs
det stage: 1 new branches in 2064 total execs
In havoc stage, 5068 of 12288 tries hit branch 57066
havoc stage: 26 new coverage in 14537 total execs
havoc stage: 8 new branches in 14537 total execs
Trying to fuzz input pals_opt-floodmax.5.1.ufo.BOUNDED-10.pals.c_out/queue/id:000032,src:000010,op:havoc,rep:128,+cov: 
which hit branch 63166 (hit by 1 inputs) 
while bitflipping, 774 of 800 tries hit branch 63166
while calibrating, 293 of 301 tries hit branch 63166
calib stage: 0 new coverage in 1101 total execs
calib stage: 0 new branches in 1101 total execs
In havoc stage, 10732 of 10739 tries hit branch 63166
havoc stage: 2 new coverage in 11857 total execs
havoc stage: 2 new branches in 11857 total execs
