Entering new queueing cycle
while bitflipping, 0 of 0 tries hit branch -1
while calibrating, 0 of 0 tries hit branch -1
calib stage: 24 new coverage in 642 total execs
calib stage: 9 new branches in 642 total execs
In deterministic stage, 0 of 0 tries hit branch -1
det stage: 40 new coverage in 9358 total execs
det stage: 16 new branches in 9358 total execs
In havoc stage, 0 of 0 tries hit branch -1
havoc stage: 86 new coverage in 42494 total execs
havoc stage: 23 new branches in 42494 total execs
Was returning list of size 0
Upped max exp to 6
Trying to fuzz input pals_lcr.6.ufo.BOUNDED-12.pals.c_out/queue/id:000028,src:000000,op:flip4,pos:38,+cov: 
which hit branch 31204 (hit by 38 inputs) 
while bitflipping, 240 of 400 tries hit branch 31204
while calibrating, 110 of 151 tries hit branch 31204
calib stage: 0 new coverage in 551 total execs
calib stage: 0 new branches in 551 total execs
In deterministic stage, 3136 of 3136 tries hit branch 31204
det stage: 1 new coverage in 3695 total execs
det stage: 0 new branches in 3695 total execs
In havoc stage, 7726 of 18667 tries hit branch 31204
havoc stage: 15 new coverage in 22474 total execs
havoc stage: 0 new branches in 22474 total execs
