
*** Imported 67 new test cases from: pals_floodmax.5.4.ufo.BOUNDED-10.pals.c_out/default/queue

[+] AFL test case: id:000000,time:0,execs:0,orig:hello.txt (0 / 67), cycle: 0
    lines......: 1.3% (280 of 21355 lines)
    functions..: 1.1% (9 of 791 functions)
    branches...: 0.6% (88 of 15950 branches)

    Coverage diff (init) id:000000,time:0,execs:0,orig:hello.txt
diff (init) -> id:000000,time:0,execs:0,orig:hello.txt
New src file: /aflhellobatch/pals_floodmax.5.4.ufo.BOUNDED-10.pals.c
  New 'function' coverage: __VERIFIER_nondet_bool()
  New 'function' coverage: __VERIFIER_nondet_char()
  New 'function' coverage: get_inputs()
  New 'function' coverage: main()
  New 'function' coverage: node1()
  New 'function' coverage: node2()
  New 'function' coverage: node3()
  New 'function' coverage: node4()
  New 'function' coverage: node5()
  New 'line' coverage: 111
  New 'line' coverage: 112
  New 'line' coverage: 14
  New 'line' coverage: 16
  New 'line' coverage: 17
  New 'line' coverage: 19
  New 'line' coverage: 20
  New 'line' coverage: 22
  New 'line' coverage: 23
  New 'line' coverage: 234
  New 'line' coverage: 239
  New 'line' coverage: 24
  New 'line' coverage: 240
  New 'line' coverage: 241
  New 'line' coverage: 248
  New 'line' coverage: 255
  New 'line' coverage: 262
  New 'line' coverage: 269
  New 'line' coverage: 27
  New 'line' coverage: 270
  New 'line' coverage: 271
  New 'line' coverage: 276
  New 'line' coverage: 2762
  New 'line' coverage: 2763
  New 'line' coverage: 2764
  New 'line' coverage: 2765
  New 'line' coverage: 2769
  New 'line' coverage: 2770
  New 'line' coverage: 2771
  New 'line' coverage: 2772
  New 'line' coverage: 2773
  New 'line' coverage: 2774
  New 'line' coverage: 2775
  New 'line' coverage: 2776
  New 'line' coverage: 2777
  New 'line' coverage: 2778
  New 'line' coverage: 2779
  New 'line' coverage: 278
  New 'line' coverage: 2780
  New 'line' coverage: 2781
  New 'line' coverage: 2782
  New 'line' coverage: 2783
  New 'line' coverage: 2784
  New 'line' coverage: 2785
  New 'line' coverage: 2786
  New 'line' coverage: 2787
  New 'line' coverage: 2788
  New 'line' coverage: 2789
  New 'line' coverage: 279
  New 'line' coverage: 2790
  New 'line' coverage: 2791
  New 'line' coverage: 2792
  New 'line' coverage: 2793
  New 'line' coverage: 2794
  New 'line' coverage: 2795
  New 'line' coverage: 2796
  New 'line' coverage: 2797
  New 'line' coverage: 2798
  New 'line' coverage: 2799
  New 'line' coverage: 280
  New 'line' coverage: 2800
  New 'line' coverage: 2801
  New 'line' coverage: 2802
  New 'line' coverage: 2803
  New 'line' coverage: 2804
  New 'line' coverage: 2805
  New 'line' coverage: 2806
  New 'line' coverage: 2807
  New 'line' coverage: 2808
  New 'line' coverage: 2809
  New 'line' coverage: 2810
  New 'line' coverage: 2811
  New 'line' coverage: 2812
  New 'line' coverage: 2813
  New 'line' coverage: 2814
  New 'line' coverage: 2815
  New 'line' coverage: 2816
  New 'line' coverage: 2817
  New 'line' coverage: 2818
  New 'line' coverage: 2819
  New 'line' coverage: 282
  New 'line' coverage: 2820
  New 'line' coverage: 2821
  New 'line' coverage: 2822
  New 'line' coverage: 2823
  New 'line' coverage: 2824
  New 'line' coverage: 2825
  New 'line' coverage: 2826
  New 'line' coverage: 2827
  New 'line' coverage: 2828
  New 'line' coverage: 2829
  New 'line' coverage: 2830
  New 'line' coverage: 2831
  New 'line' coverage: 2832
  New 'line' coverage: 2833
  New 'line' coverage: 2834
  New 'line' coverage: 2835
  New 'line' coverage: 2836
  New 'line' coverage: 2837
  New 'line' coverage: 2838
  New 'line' coverage: 2839
  New 'line' coverage: 2840
  New 'line' coverage: 2841
  New 'line' coverage: 2842
  New 'line' coverage: 2843
  New 'line' coverage: 2844
  New 'line' coverage: 2845
  New 'line' coverage: 2846
  New 'line' coverage: 2847
  New 'line' coverage: 2848
  New 'line' coverage: 2849
  New 'line' coverage: 285
  New 'line' coverage: 2850
  New 'line' coverage: 2851
  New 'line' coverage: 2852
  New 'line' coverage: 2853
  New 'line' coverage: 2854
  New 'line' coverage: 2855
  New 'line' coverage: 2856
  New 'line' coverage: 2857
  New 'line' coverage: 2858
  New 'line' coverage: 2859
  New 'line' coverage: 2860
  New 'line' coverage: 2861
  New 'line' coverage: 2862
  New 'line' coverage: 2863
  New 'line' coverage: 2864
  New 'line' coverage: 2865
  New 'line' coverage: 2866
  New 'line' coverage: 2867
  New 'line' coverage: 2868
  New 'line' coverage: 2870
  New 'line' coverage: 2871
  New 'line' coverage: 2872
  New 'line' coverage: 2873
  New 'line' coverage: 2874
  New 'line' coverage: 2875
  New 'line' coverage: 2876
  New 'line' coverage: 2877
  New 'line' coverage: 2878
  New 'line' coverage: 2879
  New 'line' coverage: 288
  New 'line' coverage: 2880
  New 'line' coverage: 2881
  New 'line' coverage: 2882
  New 'line' coverage: 2883
  New 'line' coverage: 2884
  New 'line' coverage: 2885
  New 'line' coverage: 2886
  New 'line' coverage: 2887
  New 'line' coverage: 2888
  New 'line' coverage: 2889
  New 'line' coverage: 2890
  New 'line' coverage: 2891
  New 'line' coverage: 2892
  New 'line' coverage: 2893
  New 'line' coverage: 2894
  New 'line' coverage: 2895
  New 'line' coverage: 2896
  New 'line' coverage: 2897
  New 'line' coverage: 2898
  New 'line' coverage: 2899
  New 'line' coverage: 29
  New 'line' coverage: 2900
  New 'line' coverage: 2901
  New 'line' coverage: 2902
  New 'line' coverage: 2903
  New 'line' coverage: 2904
  New 'line' coverage: 2905
  New 'line' coverage: 2906
  New 'line' coverage: 2907
  New 'line' coverage: 2908
  New 'line' coverage: 2909
  New 'line' coverage: 2910
  New 'line' coverage: 2911
  New 'line' coverage: 2912
  New 'line' coverage: 2913
  New 'line' coverage: 2914
  New 'line' coverage: 2915
  New 'line' coverage: 2916
  New 'line' coverage: 2917
  New 'line' coverage: 292
  New 'line' coverage: 2921
  New 'line' coverage: 2923
  New 'line' coverage: 2928
  New 'line' coverage: 2931
  New 'line' coverage: 294
  New 'line' coverage: 297
  New 'line' coverage: 30
  New 'line' coverage: 302
  New 'line' coverage: 303
  New 'line' coverage: 304
  New 'line' coverage: 305
  New 'line' coverage: 306
  New 'line' coverage: 307
  New 'line' coverage: 311
  New 'line' coverage: 318
  New 'line' coverage: 32
  New 'line' coverage: 325
  New 'line' coverage: 332
  New 'line' coverage: 333
  New 'line' coverage: 334
  New 'line' coverage: 339
  New 'line' coverage: 34
  New 'line' coverage: 341
  New 'line' coverage: 342
  New 'line' coverage: 345
  New 'line' coverage: 348
  New 'line' coverage: 35
  New 'line' coverage: 351
  New 'line' coverage: 355
  New 'line' coverage: 357
  New 'line' coverage: 36
  New 'line' coverage: 360
  New 'line' coverage: 365
  New 'line' coverage: 366
  New 'line' coverage: 367
  New 'line' coverage: 37
  New 'line' coverage: 374
  New 'line' coverage: 38
  New 'line' coverage: 381
  New 'line' coverage: 388
  New 'line' coverage: 39
  New 'line' coverage: 395
  New 'line' coverage: 396
  New 'line' coverage: 397
  New 'line' coverage: 40
  New 'line' coverage: 402
  New 'line' coverage: 404
  New 'line' coverage: 405
  New 'line' coverage: 408
  New 'line' coverage: 41
  New 'line' coverage: 411
  New 'line' coverage: 414
  New 'line' coverage: 418
  New 'line' coverage: 42
  New 'line' coverage: 420
  New 'line' coverage: 423
  New 'line' coverage: 428
  New 'line' coverage: 429
  New 'line' coverage: 430
  New 'line' coverage: 437
  New 'line' coverage: 444
  New 'line' coverage: 451
  New 'line' coverage: 458
  New 'line' coverage: 459
  New 'line' coverage: 460
  New 'line' coverage: 465
  New 'line' coverage: 467
  New 'line' coverage: 468
  New 'line' coverage: 471
  New 'line' coverage: 474
  New 'line' coverage: 477
  New 'line' coverage: 481
  New 'line' coverage: 483
  New 'line' coverage: 486
  New 'line' coverage: 491
  New 'line' coverage: 492
  New 'line' coverage: 493
  New 'line' coverage: 500
  New 'line' coverage: 507
  New 'line' coverage: 514
  New 'line' coverage: 521
  New 'line' coverage: 522
  New 'line' coverage: 523
  New 'line' coverage: 528
  New 'line' coverage: 530
  New 'line' coverage: 531
  New 'line' coverage: 534
  New 'line' coverage: 537
  New 'line' coverage: 540
  New 'line' coverage: 544
  New 'line' coverage: 546
  New 'line' coverage: 75
  New 'line' coverage: 76
  New 'line' coverage: 77
  New 'line' coverage: 78
  New 'line' coverage: 79
  New 'line' coverage: 80
  New 'line' coverage: 81

[+] AFL test case: id:000001,src:000000,time:169,execs:11,op:havoc,rep:4,+cov (1 / 67), cycle: 0
    lines......: 1.3% (280 of 21355 lines)
    functions..: 1.1% (9 of 791 functions)
    branches...: 0.6% (88 of 15950 branches)
[+] AFL test case: id:000002,src:000000,time:1079,execs:32,op:havoc,rep:2,+cov (2 / 67), cycle: 0
    lines......: 1.3% (284 of 21355 lines)
    functions..: 1.1% (9 of 791 functions)
    branches...: 0.6% (93 of 15950 branches)

    Coverage diff id:000001,src:000000,time:169,execs:11,op:havoc,rep:4,+cov id:000002,src:000000,time:1079,execs:32,op:havoc,rep:2,+cov
diff id:000001,src:000000,time:169,execs:11,op:havoc,rep:4,+cov -> id:000002,src:000000,time:1079,execs:32,op:havoc,rep:2,+cov
Src file: /aflhellobatch/pals_floodmax.5.4.ufo.BOUNDED-10.pals.c
  New 'line' coverage: 283
  New 'line' coverage: 368
  New 'line' coverage: 369
  New 'line' coverage: 370

[+] AFL test case: id:000003,src:000000,time:3052,execs:80,op:havoc,rep:16 (3 / 67), cycle: 0
    lines......: 1.3% (284 of 21355 lines)
    functions..: 1.1% (9 of 791 functions)
    branches...: 0.6% (93 of 15950 branches)
[+] AFL test case: id:000004,src:000000,time:3641,execs:93,op:havoc,rep:16,+cov (4 / 67), cycle: 0
    lines......: 1.3% (288 of 21355 lines)
    functions..: 1.1% (9 of 791 functions)
    branches...: 0.6% (98 of 15950 branches)

    Coverage diff id:000003,src:000000,time:3052,execs:80,op:havoc,rep:16 id:000004,src:000000,time:3641,execs:93,op:havoc,rep:16,+cov
diff id:000003,src:000000,time:3052,execs:80,op:havoc,rep:16 -> id:000004,src:000000,time:3641,execs:93,op:havoc,rep:16,+cov
Src file: /aflhellobatch/pals_floodmax.5.4.ufo.BOUNDED-10.pals.c
  New 'line' coverage: 286
  New 'line' coverage: 431
  New 'line' coverage: 432
  New 'line' coverage: 433

[+] AFL test case: id:000005,src:000000,time:8345,execs:207,op:havoc,rep:8,+cov (5 / 67), cycle: 0
    lines......: 1.6% (340 of 21355 lines)
    functions..: 1.1% (9 of 791 functions)
    branches...: 1.0% (163 of 15950 branches)

    Coverage diff id:000004,src:000000,time:3641,execs:93,op:havoc,rep:16,+cov id:000005,src:000000,time:8345,execs:207,op:havoc,rep:8,+cov
diff id:000004,src:000000,time:3641,execs:93,op:havoc,rep:16,+cov -> id:000005,src:000000,time:8345,execs:207,op:havoc,rep:8,+cov
Src file: /aflhellobatch/pals_floodmax.5.4.ufo.BOUNDED-10.pals.c
  New 'line' coverage: 242
  New 'line' coverage: 243
  New 'line' coverage: 244
  New 'line' coverage: 249
  New 'line' coverage: 250
  New 'line' coverage: 251
  New 'line' coverage: 256
  New 'line' coverage: 257
  New 'line' coverage: 258
  New 'line' coverage: 289
  New 'line' coverage: 312
  New 'line' coverage: 313
  New 'line' coverage: 314
  New 'line' coverage: 319
  New 'line' coverage: 320
  New 'line' coverage: 321
  New 'line' coverage: 343
  New 'line' coverage: 346
  New 'line' coverage: 349
  New 'line' coverage: 352
  New 'line' coverage: 375
  New 'line' coverage: 376
  New 'line' coverage: 377
  New 'line' coverage: 382
  New 'line' coverage: 383
  New 'line' coverage: 384
  New 'line' coverage: 406
  New 'line' coverage: 409
  New 'line' coverage: 412
  New 'line' coverage: 415
  New 'line' coverage: 438
  New 'line' coverage: 439
  New 'line' coverage: 440
  New 'line' coverage: 445
  New 'line' coverage: 446
  New 'line' coverage: 447
  New 'line' coverage: 469
  New 'line' coverage: 472
  New 'line' coverage: 475
  New 'line' coverage: 478
  New 'line' coverage: 494
  New 'line' coverage: 495
  New 'line' coverage: 496
  New 'line' coverage: 501
  New 'line' coverage: 502
  New 'line' coverage: 503
  New 'line' coverage: 508
  New 'line' coverage: 509
  New 'line' coverage: 510
  New 'line' coverage: 515
  New 'line' coverage: 516
  New 'line' coverage: 517

[+] AFL test case: id:000006,src:000000,time:15184,execs:376,op:havoc,rep:2,+cov (6 / 67), cycle: 0
    lines......: 1.7% (356 of 21355 lines)
    functions..: 1.1% (9 of 791 functions)
    branches...: 1.1% (183 of 15950 branches)

    Coverage diff id:000005,src:000000,time:8345,execs:207,op:havoc,rep:8,+cov id:000006,src:000000,time:15184,execs:376,op:havoc,rep:2,+cov
diff id:000005,src:000000,time:8345,execs:207,op:havoc,rep:8,+cov -> id:000006,src:000000,time:15184,execs:376,op:havoc,rep:2,+cov
Src file: /aflhellobatch/pals_floodmax.5.4.ufo.BOUNDED-10.pals.c
  New 'line' coverage: 263
  New 'line' coverage: 264
  New 'line' coverage: 265
  New 'line' coverage: 326
  New 'line' coverage: 327
  New 'line' coverage: 328
  New 'line' coverage: 389
  New 'line' coverage: 390
  New 'line' coverage: 391
  New 'line' coverage: 452
  New 'line' coverage: 453
  New 'line' coverage: 454
  New 'line' coverage: 532
  New 'line' coverage: 535
  New 'line' coverage: 538
  New 'line' coverage: 541

[+] AFL test case: id:000007,src:000000,time:24543,execs:601,op:havoc,rep:2,+cov (7 / 67), cycle: 0
    lines......: 1.7% (356 of 21355 lines)
    functions..: 1.1% (9 of 791 functions)
    branches...: 1.1% (183 of 15950 branches)
[+] AFL test case: id:000008,src:000000,time:26711,execs:652,op:havoc,rep:16 (8 / 67), cycle: 0
    lines......: 1.7% (356 of 21355 lines)
    functions..: 1.1% (9 of 791 functions)
    branches...: 1.1% (183 of 15950 branches)
[+] AFL test case: id:000009,src:000000,time:30519,execs:744,op:havoc,rep:8,+cov (9 / 67), cycle: 0
    lines......: 1.7% (356 of 21355 lines)
    functions..: 1.1% (9 of 791 functions)
    branches...: 1.1% (183 of 15950 branches)
[+] AFL test case: id:000010,src:000000,time:33161,execs:807,op:havoc,rep:16,+cov (10 / 67), cycle: 0
    lines......: 1.7% (356 of 21355 lines)
    functions..: 1.1% (9 of 791 functions)
    branches...: 1.1% (183 of 15950 branches)
[+] AFL test case: id:000011,src:000000,time:38423,execs:933,op:havoc,rep:4,+cov (11 / 67), cycle: 0
    lines......: 1.7% (356 of 21355 lines)
    functions..: 1.1% (9 of 791 functions)
    branches...: 1.1% (183 of 15950 branches)
[+] AFL test case: id:000012,src:000000,time:40346,execs:978,op:havoc,rep:16,+cov (12 / 67), cycle: 0
    lines......: 1.7% (360 of 21355 lines)
    functions..: 1.1% (9 of 791 functions)
    branches...: 1.2% (199 of 15950 branches)

    Coverage diff id:000011,src:000000,time:38423,execs:933,op:havoc,rep:4,+cov id:000012,src:000000,time:40346,execs:978,op:havoc,rep:16,+cov
diff id:000011,src:000000,time:38423,execs:933,op:havoc,rep:4,+cov -> id:000012,src:000000,time:40346,execs:978,op:havoc,rep:16,+cov
Src file: /aflhellobatch/pals_floodmax.5.4.ufo.BOUNDED-10.pals.c
  New 'line' coverage: 245
  New 'line' coverage: 308
  New 'line' coverage: 371
  New 'line' coverage: 462

[+] AFL test case: id:000013,src:000000,time:41660,execs:1008,op:havoc,rep:16,+cov (13 / 67), cycle: 0
    lines......: 1.7% (360 of 21355 lines)
    functions..: 1.1% (9 of 791 functions)
    branches...: 1.2% (199 of 15950 branches)
[+] AFL test case: id:000014,src:000000,time:44295,execs:1070,op:havoc,rep:8,+cov (14 / 67), cycle: 0
    lines......: 1.7% (360 of 21355 lines)
    functions..: 1.1% (9 of 791 functions)
    branches...: 1.2% (199 of 15950 branches)
[+] AFL test case: id:000015,src:000000,time:45978,execs:1109,op:havoc,rep:2,+cov (15 / 67), cycle: 0
    lines......: 1.7% (360 of 21355 lines)
    functions..: 1.1% (9 of 791 functions)
    branches...: 1.3% (201 of 15950 branches)
[+] AFL test case: id:000016,src:000000,time:53390,execs:1286,op:havoc,rep:4,+cov (16 / 67), cycle: 0
    lines......: 1.7% (360 of 21355 lines)
    functions..: 1.1% (9 of 791 functions)
    branches...: 1.3% (201 of 15950 branches)
[+] AFL test case: id:000017,src:000000,time:60562,execs:1457,op:havoc,rep:16,+cov (17 / 67), cycle: 0
    lines......: 1.7% (361 of 21355 lines)
    functions..: 1.1% (9 of 791 functions)
    branches...: 1.3% (202 of 15950 branches)

    Coverage diff id:000016,src:000000,time:53390,execs:1286,op:havoc,rep:4,+cov id:000017,src:000000,time:60562,execs:1457,op:havoc,rep:16,+cov
diff id:000016,src:000000,time:53390,execs:1286,op:havoc,rep:4,+cov -> id:000017,src:000000,time:60562,execs:1457,op:havoc,rep:16,+cov
Src file: /aflhellobatch/pals_floodmax.5.4.ufo.BOUNDED-10.pals.c
  New 'line' coverage: 273

[+] AFL test case: id:000018,src:000000,time:63517,execs:1526,op:havoc,rep:2,+cov (18 / 67), cycle: 0
    lines......: 1.7% (361 of 21355 lines)
    functions..: 1.1% (9 of 791 functions)
    branches...: 1.3% (202 of 15950 branches)
[+] AFL test case: id:000019,src:000000,time:161089,execs:3838,op:havoc,rep:8,+cov (19 / 67), cycle: 0
    lines......: 1.7% (362 of 21355 lines)
    functions..: 1.1% (9 of 791 functions)
    branches...: 1.3% (203 of 15950 branches)

    Coverage diff id:000018,src:000000,time:63517,execs:1526,op:havoc,rep:2,+cov id:000019,src:000000,time:161089,execs:3838,op:havoc,rep:8,+cov
diff id:000018,src:000000,time:63517,execs:1526,op:havoc,rep:2,+cov -> id:000019,src:000000,time:161089,execs:3838,op:havoc,rep:8,+cov
Src file: /aflhellobatch/pals_floodmax.5.4.ufo.BOUNDED-10.pals.c
  New 'line' coverage: 336

[+] AFL test case: id:000020,src:000000,time:167279,execs:3980,op:havoc,rep:8,+cov (20 / 67), cycle: 0
    lines......: 1.7% (362 of 21355 lines)
    functions..: 1.1% (9 of 791 functions)
    branches...: 1.3% (203 of 15950 branches)
[+] AFL test case: id:000021,src:000000,time:187069,execs:4443,op:havoc,rep:8,+cov (21 / 67), cycle: 0
    lines......: 1.7% (363 of 21355 lines)
    functions..: 1.1% (9 of 791 functions)
    branches...: 1.3% (208 of 15950 branches)

    Coverage diff id:000020,src:000000,time:167279,execs:3980,op:havoc,rep:8,+cov id:000021,src:000000,time:187069,execs:4443,op:havoc,rep:8,+cov
diff id:000020,src:000000,time:167279,execs:3980,op:havoc,rep:8,+cov -> id:000021,src:000000,time:187069,execs:4443,op:havoc,rep:8,+cov
Src file: /aflhellobatch/pals_floodmax.5.4.ufo.BOUNDED-10.pals.c
  New 'line' coverage: 434

[+] AFL test case: id:000022,src:000000,time:248006,execs:5859,op:havoc,rep:8,+cov (22 / 67), cycle: 0
    lines......: 1.7% (363 of 21355 lines)
    functions..: 1.1% (9 of 791 functions)
    branches...: 1.3% (208 of 15950 branches)
[+] AFL test case: id:000023,src:000000+000019,time:288048,execs:6786,op:splice,rep:2,+cov (23 / 67), cycle: 0
    lines......: 1.7% (364 of 21355 lines)
    functions..: 1.1% (9 of 791 functions)
    branches...: 1.3% (209 of 15950 branches)

    Coverage diff id:000022,src:000000,time:248006,execs:5859,op:havoc,rep:8,+cov id:000023,src:000000+000019,time:288048,execs:6786,op:splice,rep:2,+cov
diff id:000022,src:000000,time:248006,execs:5859,op:havoc,rep:8,+cov -> id:000023,src:000000+000019,time:288048,execs:6786,op:splice,rep:2,+cov
Src file: /aflhellobatch/pals_floodmax.5.4.ufo.BOUNDED-10.pals.c
  New 'line' coverage: 315

[+] AFL test case: id:000024,src:000019,time:294084,execs:6919,op:havoc,rep:8,+cov (24 / 67), cycle: 0
    lines......: 1.7% (369 of 21355 lines)
    functions..: 1.1% (9 of 791 functions)
    branches...: 1.4% (218 of 15950 branches)

    Coverage diff id:000023,src:000000+000019,time:288048,execs:6786,op:splice,rep:2,+cov id:000024,src:000019,time:294084,execs:6919,op:havoc,rep:8,+cov
diff id:000023,src:000000+000019,time:288048,execs:6786,op:splice,rep:2,+cov -> id:000024,src:000019,time:294084,execs:6919,op:havoc,rep:8,+cov
Src file: /aflhellobatch/pals_floodmax.5.4.ufo.BOUNDED-10.pals.c
  New 'line' coverage: 259
  New 'line' coverage: 322
  New 'line' coverage: 385
  New 'line' coverage: 497
  New 'line' coverage: 518

[+] AFL test case: id:000025,src:000019,time:294688,execs:6931,op:havoc,rep:8,+cov (25 / 67), cycle: 0
    lines......: 1.7% (371 of 21355 lines)
    functions..: 1.1% (9 of 791 functions)
    branches...: 1.4% (220 of 15950 branches)

    Coverage diff id:000024,src:000019,time:294084,execs:6919,op:havoc,rep:8,+cov id:000025,src:000019,time:294688,execs:6931,op:havoc,rep:8,+cov
diff id:000024,src:000019,time:294084,execs:6919,op:havoc,rep:8,+cov -> id:000025,src:000019,time:294688,execs:6931,op:havoc,rep:8,+cov
Src file: /aflhellobatch/pals_floodmax.5.4.ufo.BOUNDED-10.pals.c
  New 'line' coverage: 399
  New 'line' coverage: 525

[+] AFL test case: id:000026,src:000019,time:295947,execs:6957,op:havoc,rep:4 (26 / 67), cycle: 0
    lines......: 1.7% (371 of 21355 lines)
    functions..: 1.1% (9 of 791 functions)
    branches...: 1.4% (220 of 15950 branches)
[+] AFL test case: id:000027,src:000019,time:297191,execs:6984,op:havoc,rep:16 (27 / 67), cycle: 0
    lines......: 1.7% (371 of 21355 lines)
    functions..: 1.1% (9 of 791 functions)
    branches...: 1.4% (220 of 15950 branches)
[+] AFL test case: id:000028,src:000019,time:297743,execs:6995,op:havoc,rep:2,+cov (28 / 67), cycle: 0
    lines......: 1.7% (372 of 21355 lines)
    functions..: 1.1% (9 of 791 functions)
    branches...: 1.4% (221 of 15950 branches)

    Coverage diff id:000027,src:000019,time:297191,execs:6984,op:havoc,rep:16 id:000028,src:000019,time:297743,execs:6995,op:havoc,rep:2,+cov
diff id:000027,src:000019,time:297191,execs:6984,op:havoc,rep:16 -> id:000028,src:000019,time:297743,execs:6995,op:havoc,rep:2,+cov
Src file: /aflhellobatch/pals_floodmax.5.4.ufo.BOUNDED-10.pals.c
  New 'line' coverage: 455

[+] AFL test case: id:000029,src:000019,time:298709,execs:7015,op:havoc,rep:4 (29 / 67), cycle: 0
    lines......: 1.7% (372 of 21355 lines)
    functions..: 1.1% (9 of 791 functions)
    branches...: 1.4% (221 of 15950 branches)
[+] AFL test case: id:000030,src:000019,time:301176,execs:7069,op:havoc,rep:8,+cov (30 / 67), cycle: 0
    lines......: 1.7% (373 of 21355 lines)
    functions..: 1.1% (9 of 791 functions)
    branches...: 1.4% (222 of 15950 branches)

    Coverage diff id:000029,src:000019,time:298709,execs:7015,op:havoc,rep:4 id:000030,src:000019,time:301176,execs:7069,op:havoc,rep:8,+cov
diff id:000029,src:000019,time:298709,execs:7015,op:havoc,rep:4 -> id:000030,src:000019,time:301176,execs:7069,op:havoc,rep:8,+cov
Src file: /aflhellobatch/pals_floodmax.5.4.ufo.BOUNDED-10.pals.c
  New 'line' coverage: 252

[+] AFL test case: id:000031,src:000019,time:301704,execs:7079,op:havoc,rep:4 (31 / 67), cycle: 0
    lines......: 1.7% (373 of 21355 lines)
    functions..: 1.1% (9 of 791 functions)
    branches...: 1.4% (222 of 15950 branches)
[+] AFL test case: id:000032,src:000019,time:313646,execs:7349,op:havoc,rep:8,+cov (32 / 67), cycle: 0
    lines......: 1.8% (375 of 21355 lines)
    functions..: 1.1% (9 of 791 functions)
    branches...: 1.4% (224 of 15950 branches)

    Coverage diff id:000031,src:000019,time:301704,execs:7079,op:havoc,rep:4 id:000032,src:000019,time:313646,execs:7349,op:havoc,rep:8,+cov
diff id:000031,src:000019,time:301704,execs:7079,op:havoc,rep:4 -> id:000032,src:000019,time:313646,execs:7349,op:havoc,rep:8,+cov
Src file: /aflhellobatch/pals_floodmax.5.4.ufo.BOUNDED-10.pals.c
  New 'line' coverage: 378
  New 'line' coverage: 441

[+] AFL test case: id:000033,src:000019,time:322285,execs:7542,op:havoc,rep:16 (33 / 67), cycle: 0
    lines......: 1.8% (375 of 21355 lines)
    functions..: 1.1% (9 of 791 functions)
    branches...: 1.4% (224 of 15950 branches)
[+] AFL test case: id:000034,src:000019,time:323456,execs:7567,op:havoc,rep:8,+cov (34 / 67), cycle: 0
    lines......: 1.8% (378 of 21355 lines)
    functions..: 1.1% (9 of 791 functions)
    branches...: 1.4% (227 of 15950 branches)

    Coverage diff id:000033,src:000019,time:322285,execs:7542,op:havoc,rep:16 id:000034,src:000019,time:323456,execs:7567,op:havoc,rep:8,+cov
diff id:000033,src:000019,time:322285,execs:7542,op:havoc,rep:16 -> id:000034,src:000019,time:323456,execs:7567,op:havoc,rep:8,+cov
Src file: /aflhellobatch/pals_floodmax.5.4.ufo.BOUNDED-10.pals.c
  New 'line' coverage: 266
  New 'line' coverage: 329
  New 'line' coverage: 392

[+] AFL test case: id:000035,src:000019,time:325050,execs:7601,op:havoc,rep:4 (35 / 67), cycle: 0
    lines......: 1.8% (378 of 21355 lines)
    functions..: 1.1% (9 of 791 functions)
    branches...: 1.4% (227 of 15950 branches)
[+] AFL test case: id:000036,src:000019,time:325705,execs:7614,op:havoc,rep:16,+cov (36 / 67), cycle: 0
    lines......: 1.8% (378 of 21355 lines)
    functions..: 1.1% (9 of 791 functions)
    branches...: 1.4% (227 of 15950 branches)
[+] AFL test case: id:000037,src:000019,time:342499,execs:7990,op:havoc,rep:4,+cov (37 / 67), cycle: 0
    lines......: 1.8% (378 of 21355 lines)
    functions..: 1.1% (9 of 791 functions)
    branches...: 1.4% (227 of 15950 branches)
[+] AFL test case: id:000038,src:000019,time:350193,execs:8163,op:havoc,rep:2 (38 / 67), cycle: 0
    lines......: 1.8% (378 of 21355 lines)
    functions..: 1.1% (9 of 791 functions)
    branches...: 1.4% (227 of 15950 branches)
[+] AFL test case: id:000039,src:000019,time:351183,execs:8183,op:havoc,rep:4,+cov (39 / 67), cycle: 0
    lines......: 1.8% (379 of 21355 lines)
    functions..: 1.1% (9 of 791 functions)
    branches...: 1.4% (228 of 15950 branches)

    Coverage diff id:000038,src:000019,time:350193,execs:8163,op:havoc,rep:2 id:000039,src:000019,time:351183,execs:8183,op:havoc,rep:4,+cov
diff id:000038,src:000019,time:350193,execs:8163,op:havoc,rep:2 -> id:000039,src:000019,time:351183,execs:8183,op:havoc,rep:4,+cov
Src file: /aflhellobatch/pals_floodmax.5.4.ufo.BOUNDED-10.pals.c
  New 'line' coverage: 448

[+] AFL test case: id:000040,src:000019,time:386017,execs:8970,op:havoc,rep:8,+cov (40 / 67), cycle: 0
    lines......: 1.8% (380 of 21355 lines)
    functions..: 1.1% (9 of 791 functions)
    branches...: 1.4% (229 of 15950 branches)

    Coverage diff id:000039,src:000019,time:351183,execs:8183,op:havoc,rep:4,+cov id:000040,src:000019,time:386017,execs:8970,op:havoc,rep:8,+cov
diff id:000039,src:000019,time:351183,execs:8183,op:havoc,rep:4,+cov -> id:000040,src:000019,time:386017,execs:8970,op:havoc,rep:8,+cov
Src file: /aflhellobatch/pals_floodmax.5.4.ufo.BOUNDED-10.pals.c
  New 'line' coverage: 504

[+] AFL test case: id:000041,src:000019,time:388905,execs:9032,op:havoc,rep:8 (41 / 67), cycle: 0
    lines......: 1.8% (380 of 21355 lines)
    functions..: 1.1% (9 of 791 functions)
    branches...: 1.4% (229 of 15950 branches)
[+] AFL test case: id:000042,src:000019,time:392899,execs:9120,op:havoc,rep:16,+cov (42 / 67), cycle: 0
    lines......: 1.8% (380 of 21355 lines)
    functions..: 1.1% (9 of 791 functions)
    branches...: 1.4% (229 of 15950 branches)
[+] AFL test case: id:000043,src:000019,time:494568,execs:11408,op:havoc,rep:2,+cov (43 / 67), cycle: 0
    lines......: 1.8% (381 of 21355 lines)
    functions..: 1.1% (9 of 791 functions)
    branches...: 1.4% (230 of 15950 branches)

    Coverage diff id:000042,src:000019,time:392899,execs:9120,op:havoc,rep:16,+cov id:000043,src:000019,time:494568,execs:11408,op:havoc,rep:2,+cov
diff id:000042,src:000019,time:392899,execs:9120,op:havoc,rep:16,+cov -> id:000043,src:000019,time:494568,execs:11408,op:havoc,rep:2,+cov
Src file: /aflhellobatch/pals_floodmax.5.4.ufo.BOUNDED-10.pals.c
  New 'line' coverage: 511

[+] AFL test case: id:000044,src:000016+000036,time:547704,execs:12592,op:splice,rep:2,+cov (44 / 67), cycle: 0
    lines......: 1.8% (381 of 21355 lines)
    functions..: 1.1% (9 of 791 functions)
    branches...: 1.4% (230 of 15950 branches)
[+] AFL test case: id:000045,src:000003+000042,time:551931,execs:12682,op:splice,rep:16,+cov (45 / 67), cycle: 0
    lines......: 1.8% (381 of 21355 lines)
    functions..: 1.1% (9 of 791 functions)
    branches...: 1.4% (230 of 15950 branches)
[+] AFL test case: id:000046,src:000003+000036,time:557655,execs:12805,op:splice,rep:16 (46 / 67), cycle: 0
    lines......: 1.8% (381 of 21355 lines)
    functions..: 1.1% (9 of 791 functions)
    branches...: 1.4% (230 of 15950 branches)
[+] AFL test case: id:000047,src:000015+000041,time:565686,execs:12976,op:splice,rep:2 (47 / 67), cycle: 0
    lines......: 1.8% (381 of 21355 lines)
    functions..: 1.1% (9 of 791 functions)
    branches...: 1.4% (230 of 15950 branches)
[+] AFL test case: id:000048,src:000015+000046,time:567002,execs:13003,op:splice,rep:2 (48 / 67), cycle: 0
    lines......: 1.8% (381 of 21355 lines)
    functions..: 1.1% (9 of 791 functions)
    branches...: 1.4% (230 of 15950 branches)
[+] AFL test case: id:000049,src:000009+000047,time:572653,execs:13123,op:splice,rep:2,+cov (49 / 67), cycle: 0
    lines......: 1.8% (381 of 21355 lines)
    functions..: 1.1% (9 of 791 functions)
    branches...: 1.4% (230 of 15950 branches)
[+] AFL test case: id:000050,src:000009+000047,time:573206,execs:13133,op:splice,rep:4 (50 / 67), cycle: 0
    lines......: 1.8% (381 of 21355 lines)
    functions..: 1.1% (9 of 791 functions)
    branches...: 1.4% (230 of 15950 branches)
[+] AFL test case: id:000051,src:000009+000047,time:574373,execs:13156,op:splice,rep:16 (51 / 67), cycle: 0
    lines......: 1.8% (381 of 21355 lines)
    functions..: 1.1% (9 of 791 functions)
    branches...: 1.4% (230 of 15950 branches)
[+] AFL test case: id:000052,src:000009+000048,time:582607,execs:13329,op:splice,rep:2 (52 / 67), cycle: 0
    lines......: 1.8% (381 of 21355 lines)
    functions..: 1.1% (9 of 791 functions)
    branches...: 1.4% (230 of 15950 branches)
[+] AFL test case: id:000053,src:000009+000051,time:584157,execs:13360,op:splice,rep:8 (53 / 67), cycle: 0
    lines......: 1.8% (381 of 21355 lines)
    functions..: 1.1% (9 of 791 functions)
    branches...: 1.4% (230 of 15950 branches)
[+] AFL test case: id:000054,src:000009+000051,time:584757,execs:13371,op:splice,rep:8,+cov (54 / 67), cycle: 0
    lines......: 1.8% (381 of 21355 lines)
    functions..: 1.1% (9 of 791 functions)
    branches...: 1.4% (230 of 15950 branches)
[+] AFL test case: id:000055,src:000009+000051,time:585599,execs:13387,op:splice,rep:16 (55 / 67), cycle: 0
    lines......: 1.8% (381 of 21355 lines)
    functions..: 1.1% (9 of 791 functions)
    branches...: 1.4% (230 of 15950 branches)
[+] AFL test case: id:000056,src:000009+000051,time:586148,execs:13397,op:splice,rep:4 (56 / 67), cycle: 0
    lines......: 1.8% (381 of 21355 lines)
    functions..: 1.1% (9 of 791 functions)
    branches...: 1.4% (230 of 15950 branches)
[+] AFL test case: id:000057,src:000009+000051,time:586892,execs:13411,op:splice,rep:8,+cov (57 / 67), cycle: 0
    lines......: 1.8% (381 of 21355 lines)
    functions..: 1.1% (9 of 791 functions)
    branches...: 1.4% (230 of 15950 branches)
[+] AFL test case: id:000058,src:000009+000051,time:587883,execs:13430,op:splice,rep:8 (58 / 67), cycle: 0
    lines......: 1.8% (381 of 21355 lines)
    functions..: 1.1% (9 of 791 functions)
    branches...: 1.4% (230 of 15950 branches)
[+] AFL test case: id:000059,src:000009+000051,time:588996,execs:13452,op:splice,rep:8 (59 / 67), cycle: 0
    lines......: 1.8% (381 of 21355 lines)
    functions..: 1.1% (9 of 791 functions)
    branches...: 1.4% (230 of 15950 branches)
[+] AFL test case: id:000060,src:000009+000051,time:589683,execs:13465,op:splice,rep:4,+cov (60 / 67), cycle: 0
    lines......: 1.8% (381 of 21355 lines)
    functions..: 1.1% (9 of 791 functions)
    branches...: 1.4% (230 of 15950 branches)
[+] AFL test case: id:000061,src:000009+000051,time:591679,execs:13505,op:splice,rep:8 (61 / 67), cycle: 0
    lines......: 1.8% (381 of 21355 lines)
    functions..: 1.1% (9 of 791 functions)
    branches...: 1.4% (230 of 15950 branches)
[+] AFL test case: id:000062,src:000009+000051,time:593267,execs:13537,op:splice,rep:8 (62 / 67), cycle: 0
    lines......: 1.8% (381 of 21355 lines)
    functions..: 1.1% (9 of 791 functions)
    branches...: 1.4% (230 of 15950 branches)
[+] AFL test case: id:000063,src:000009+000051,time:594247,execs:13556,op:splice,rep:4 (63 / 67), cycle: 0
    lines......: 1.8% (381 of 21355 lines)
    functions..: 1.1% (9 of 791 functions)
    branches...: 1.4% (230 of 15950 branches)
[+] AFL test case: id:000064,src:000009+000051,time:595592,execs:13581,op:splice,rep:4,+cov (64 / 67), cycle: 0
    lines......: 1.8% (381 of 21355 lines)
    functions..: 1.1% (9 of 791 functions)
    branches...: 1.4% (230 of 15950 branches)
[+] AFL test case: id:000065,src:000009+000051,time:596451,execs:13597,op:splice,rep:16 (65 / 67), cycle: 0
    lines......: 1.8% (381 of 21355 lines)
    functions..: 1.1% (9 of 791 functions)
    branches...: 1.4% (230 of 15950 branches)
[+] AFL test case: id:000066,src:000009+000051,time:598341,execs:13635,op:splice,rep:2,+cov (66 / 67), cycle: 0
    lines......: 1.8% (381 of 21355 lines)
    functions..: 1.1% (9 of 791 functions)
    branches...: 1.4% (230 of 15950 branches)
[+] Processed 67 / 67 test cases.

[+] Final zero coverage report: pals_floodmax.5.4.ufo.BOUNDED-10.pals.c_out/cov/zero-cov
[+] Final positive coverage report: pals_floodmax.5.4.ufo.BOUNDED-10.pals.c_out/cov/pos-cov
    lines......: 1.8% (381 of 21355 lines)
    functions..: 1.1% (9 of 791 functions)
    branches...: 1.4% (230 of 15950 branches)
[+] Final lcov web report: pals_floodmax.5.4.ufo.BOUNDED-10.pals.c_out/cov/web/index.html
