
*** Imported 43 new test cases from: pals_STARTPALS_ActiveStandby.ufo.BOUNDED-10.pals.c_out/default/queue

[+] AFL test case: id:000000,time:0,execs:0,orig:hello.txt (0 / 43), cycle: 0
    lines......: 1.0% (210 of 21355 lines)
    functions..: 1.0% (8 of 791 functions)
    branches...: 0.3% (46 of 15950 branches)

    Coverage diff (init) id:000000,time:0,execs:0,orig:hello.txt
diff (init) -> id:000000,time:0,execs:0,orig:hello.txt
New src file: /aflhellobatch/pals_STARTPALS_ActiveStandby.ufo.BOUNDED-10.pals.c
  New 'function' coverage: Console_task_each_pals_period()
  New 'function' coverage: Pendulum_prism_task_each_pals_period()
  New 'function' coverage: Side1_activestandby_task_each_pals_period()
  New 'function' coverage: Side2_activestandby_task_each_pals_period()
  New 'function' coverage: __VERIFIER_nondet_bool()
  New 'function' coverage: __VERIFIER_nondet_char()
  New 'function' coverage: get_inputs()
  New 'function' coverage: main()
  New 'line' coverage: 14
  New 'line' coverage: 148
  New 'line' coverage: 149
  New 'line' coverage: 16
  New 'line' coverage: 163
  New 'line' coverage: 168
  New 'line' coverage: 169
  New 'line' coverage: 17
  New 'line' coverage: 170
  New 'line' coverage: 171
  New 'line' coverage: 19
  New 'line' coverage: 193
  New 'line' coverage: 198
  New 'line' coverage: 199
  New 'line' coverage: 20
  New 'line' coverage: 200
  New 'line' coverage: 201
  New 'line' coverage: 22
  New 'line' coverage: 223
  New 'line' coverage: 228
  New 'line' coverage: 229
  New 'line' coverage: 23
  New 'line' coverage: 230
  New 'line' coverage: 231
  New 'line' coverage: 234
  New 'line' coverage: 24
  New 'line' coverage: 248
  New 'line' coverage: 253
  New 'line' coverage: 258
  New 'line' coverage: 259
  New 'line' coverage: 260
  New 'line' coverage: 261
  New 'line' coverage: 27
  New 'line' coverage: 29
  New 'line' coverage: 30
  New 'line' coverage: 32
  New 'line' coverage: 34
  New 'line' coverage: 340
  New 'line' coverage: 342
  New 'line' coverage: 343
  New 'line' coverage: 346
  New 'line' coverage: 347
  New 'line' coverage: 348
  New 'line' coverage: 349
  New 'line' coverage: 35
  New 'line' coverage: 350
  New 'line' coverage: 351
  New 'line' coverage: 352
  New 'line' coverage: 355
  New 'line' coverage: 357
  New 'line' coverage: 358
  New 'line' coverage: 359
  New 'line' coverage: 36
  New 'line' coverage: 360
  New 'line' coverage: 363
  New 'line' coverage: 364
  New 'line' coverage: 365
  New 'line' coverage: 366
  New 'line' coverage: 367
  New 'line' coverage: 368
  New 'line' coverage: 37
  New 'line' coverage: 375
  New 'line' coverage: 376
  New 'line' coverage: 377
  New 'line' coverage: 378
  New 'line' coverage: 379
  New 'line' coverage: 38
  New 'line' coverage: 380
  New 'line' coverage: 381
  New 'line' coverage: 384
  New 'line' coverage: 39
  New 'line' coverage: 391
  New 'line' coverage: 392
  New 'line' coverage: 393
  New 'line' coverage: 396
  New 'line' coverage: 40
  New 'line' coverage: 400
  New 'line' coverage: 405
  New 'line' coverage: 406
  New 'line' coverage: 407
  New 'line' coverage: 408
  New 'line' coverage: 409
  New 'line' coverage: 41
  New 'line' coverage: 412
  New 'line' coverage: 414
  New 'line' coverage: 415
  New 'line' coverage: 416
  New 'line' coverage: 417
  New 'line' coverage: 42
  New 'line' coverage: 420
  New 'line' coverage: 421
  New 'line' coverage: 422
  New 'line' coverage: 423
  New 'line' coverage: 424
  New 'line' coverage: 425
  New 'line' coverage: 432
  New 'line' coverage: 433
  New 'line' coverage: 434
  New 'line' coverage: 435
  New 'line' coverage: 436
  New 'line' coverage: 437
  New 'line' coverage: 438
  New 'line' coverage: 441
  New 'line' coverage: 448
  New 'line' coverage: 449
  New 'line' coverage: 450
  New 'line' coverage: 453
  New 'line' coverage: 457
  New 'line' coverage: 462
  New 'line' coverage: 463
  New 'line' coverage: 464
  New 'line' coverage: 465
  New 'line' coverage: 466
  New 'line' coverage: 469
  New 'line' coverage: 471
  New 'line' coverage: 472
  New 'line' coverage: 473
  New 'line' coverage: 474
  New 'line' coverage: 477
  New 'line' coverage: 478
  New 'line' coverage: 479
  New 'line' coverage: 480
  New 'line' coverage: 481
  New 'line' coverage: 482
  New 'line' coverage: 483
  New 'line' coverage: 484
  New 'line' coverage: 485
  New 'line' coverage: 488
  New 'line' coverage: 491
  New 'line' coverage: 498
  New 'line' coverage: 499
  New 'line' coverage: 500
  New 'line' coverage: 503
  New 'line' coverage: 508
  New 'line' coverage: 509
  New 'line' coverage: 631
  New 'line' coverage: 632
  New 'line' coverage: 633
  New 'line' coverage: 634
  New 'line' coverage: 637
  New 'line' coverage: 638
  New 'line' coverage: 639
  New 'line' coverage: 640
  New 'line' coverage: 641
  New 'line' coverage: 642
  New 'line' coverage: 643
  New 'line' coverage: 644
  New 'line' coverage: 645
  New 'line' coverage: 646
  New 'line' coverage: 647
  New 'line' coverage: 648
  New 'line' coverage: 649
  New 'line' coverage: 650
  New 'line' coverage: 651
  New 'line' coverage: 652
  New 'line' coverage: 653
  New 'line' coverage: 654
  New 'line' coverage: 655
  New 'line' coverage: 656
  New 'line' coverage: 657
  New 'line' coverage: 658
  New 'line' coverage: 659
  New 'line' coverage: 660
  New 'line' coverage: 661
  New 'line' coverage: 662
  New 'line' coverage: 663
  New 'line' coverage: 664
  New 'line' coverage: 665
  New 'line' coverage: 666
  New 'line' coverage: 667
  New 'line' coverage: 668
  New 'line' coverage: 669
  New 'line' coverage: 670
  New 'line' coverage: 671
  New 'line' coverage: 672
  New 'line' coverage: 673
  New 'line' coverage: 675
  New 'line' coverage: 676
  New 'line' coverage: 677
  New 'line' coverage: 678
  New 'line' coverage: 679
  New 'line' coverage: 680
  New 'line' coverage: 681
  New 'line' coverage: 682
  New 'line' coverage: 683
  New 'line' coverage: 684
  New 'line' coverage: 685
  New 'line' coverage: 686
  New 'line' coverage: 687
  New 'line' coverage: 688
  New 'line' coverage: 689
  New 'line' coverage: 690
  New 'line' coverage: 691
  New 'line' coverage: 692
  New 'line' coverage: 693
  New 'line' coverage: 694
  New 'line' coverage: 695
  New 'line' coverage: 696
  New 'line' coverage: 697
  New 'line' coverage: 701
  New 'line' coverage: 703
  New 'line' coverage: 708
  New 'line' coverage: 711
  New 'line' coverage: 75
  New 'line' coverage: 76
  New 'line' coverage: 77
  New 'line' coverage: 78
  New 'line' coverage: 79
  New 'line' coverage: 80
  New 'line' coverage: 81

[+] AFL test case: id:000001,src:000000,time:234,execs:11,op:havoc,rep:8,+cov (1 / 43), cycle: 0
    lines......: 1.0% (210 of 21355 lines)
    functions..: 1.0% (8 of 791 functions)
    branches...: 0.3% (46 of 15950 branches)
[+] AFL test case: id:000002,src:000000,time:1577,execs:30,op:havoc,rep:2,+cov (2 / 43), cycle: 0
    lines......: 1.0% (210 of 21355 lines)
    functions..: 1.0% (8 of 791 functions)
    branches...: 0.3% (46 of 15950 branches)
[+] AFL test case: id:000003,src:000000,time:6691,execs:109,op:havoc,rep:4,+cov (3 / 43), cycle: 0
    lines......: 1.0% (210 of 21355 lines)
    functions..: 1.0% (8 of 791 functions)
    branches...: 0.3% (46 of 15950 branches)
[+] AFL test case: id:000004,src:000000,time:8194,execs:131,op:havoc,rep:16,+cov (4 / 43), cycle: 0
    lines......: 1.0% (210 of 21355 lines)
    functions..: 1.0% (8 of 791 functions)
    branches...: 0.3% (46 of 15950 branches)
[+] AFL test case: id:000005,src:000000,time:10546,execs:165,op:havoc,rep:16,+cov (5 / 43), cycle: 0
    lines......: 1.0% (210 of 21355 lines)
    functions..: 1.0% (8 of 791 functions)
    branches...: 0.3% (46 of 15950 branches)
[+] AFL test case: id:000006,src:000000,time:27309,execs:412,op:havoc,rep:8,+cov (6 / 43), cycle: 0
    lines......: 1.0% (210 of 21355 lines)
    functions..: 1.0% (8 of 791 functions)
    branches...: 0.3% (46 of 15950 branches)
[+] AFL test case: id:000007,src:000000,time:29265,execs:441,op:havoc,rep:4,+cov (7 / 43), cycle: 0
    lines......: 1.0% (210 of 21355 lines)
    functions..: 1.0% (8 of 791 functions)
    branches...: 0.3% (46 of 15950 branches)
[+] AFL test case: id:000008,src:000000,time:34931,execs:511,op:havoc,rep:16,+cov (8 / 43), cycle: 0
    lines......: 1.0% (210 of 21355 lines)
    functions..: 1.0% (8 of 791 functions)
    branches...: 0.3% (46 of 15950 branches)
[+] AFL test case: id:000009,src:000000,time:56357,execs:819,op:havoc,rep:8,+cov (9 / 43), cycle: 0
    lines......: 1.0% (220 of 21355 lines)
    functions..: 1.0% (8 of 791 functions)
    branches...: 0.3% (48 of 15950 branches)

    Coverage diff id:000008,src:000000,time:34931,execs:511,op:havoc,rep:16,+cov id:000009,src:000000,time:56357,execs:819,op:havoc,rep:8,+cov
diff id:000008,src:000000,time:34931,execs:511,op:havoc,rep:16,+cov -> id:000009,src:000000,time:56357,execs:819,op:havoc,rep:8,+cov
Src file: /aflhellobatch/pals_STARTPALS_ActiveStandby.ufo.BOUNDED-10.pals.c
  New 'line' coverage: 369
  New 'line' coverage: 370
  New 'line' coverage: 371
  New 'line' coverage: 372
  New 'line' coverage: 373
  New 'line' coverage: 426
  New 'line' coverage: 427
  New 'line' coverage: 428
  New 'line' coverage: 429
  New 'line' coverage: 430

[+] AFL test case: id:000010,src:000000,time:63131,execs:893,op:havoc,rep:4,+cov (10 / 43), cycle: 0
    lines......: 1.0% (220 of 21355 lines)
    functions..: 1.0% (8 of 791 functions)
    branches...: 0.3% (48 of 15950 branches)
[+] AFL test case: id:000011,src:000000,time:67491,execs:951,op:havoc,rep:4,+cov (11 / 43), cycle: 0
    lines......: 1.0% (220 of 21355 lines)
    functions..: 1.0% (8 of 791 functions)
    branches...: 0.3% (52 of 15950 branches)
[+] AFL test case: id:000012,src:000000,time:115044,execs:1702,op:havoc,rep:8,+cov (12 / 43), cycle: 0
    lines......: 1.0% (220 of 21355 lines)
    functions..: 1.0% (8 of 791 functions)
    branches...: 0.3% (52 of 15950 branches)
[+] AFL test case: id:000013,src:000000,time:158333,execs:2397,op:havoc,rep:2,+cov (13 / 43), cycle: 0
    lines......: 1.0% (220 of 21355 lines)
    functions..: 1.0% (8 of 791 functions)
    branches...: 0.3% (52 of 15950 branches)
[+] AFL test case: id:000014,src:000000,time:160297,execs:2425,op:havoc,rep:2,+cov (14 / 43), cycle: 0
    lines......: 1.0% (220 of 21355 lines)
    functions..: 1.0% (8 of 791 functions)
    branches...: 0.3% (52 of 15950 branches)
[+] AFL test case: id:000015,src:000000,time:207454,execs:3173,op:havoc,rep:4 (15 / 43), cycle: 0
    lines......: 1.0% (220 of 21355 lines)
    functions..: 1.0% (8 of 791 functions)
    branches...: 0.3% (52 of 15950 branches)
[+] AFL test case: id:000016,src:000000+000015,time:217323,execs:3331,op:splice,rep:4,+cov (16 / 43), cycle: 0
    lines......: 1.0% (220 of 21355 lines)
    functions..: 1.0% (8 of 791 functions)
    branches...: 0.3% (52 of 15950 branches)
[+] AFL test case: id:000017,src:000000+000015,time:217983,execs:3340,op:splice,rep:4 (17 / 43), cycle: 0
    lines......: 1.0% (220 of 21355 lines)
    functions..: 1.0% (8 of 791 functions)
    branches...: 0.3% (52 of 15950 branches)
[+] AFL test case: id:000018,src:000000+000015,time:218631,execs:3349,op:splice,rep:2 (18 / 43), cycle: 0
    lines......: 1.0% (220 of 21355 lines)
    functions..: 1.0% (8 of 791 functions)
    branches...: 0.3% (52 of 15950 branches)
[+] AFL test case: id:000019,src:000000+000015,time:220052,execs:3370,op:splice,rep:16 (19 / 43), cycle: 0
    lines......: 1.0% (220 of 21355 lines)
    functions..: 1.0% (8 of 791 functions)
    branches...: 0.3% (52 of 15950 branches)
[+] AFL test case: id:000020,src:000000+000015,time:221153,execs:3383,op:splice,rep:16,+cov (20 / 43), cycle: 0
    lines......: 1.0% (220 of 21355 lines)
    functions..: 1.0% (8 of 791 functions)
    branches...: 0.3% (52 of 15950 branches)
[+] AFL test case: id:000021,src:000000+000015,time:223003,execs:3410,op:splice,rep:16 (21 / 43), cycle: 0
    lines......: 1.0% (220 of 21355 lines)
    functions..: 1.0% (8 of 791 functions)
    branches...: 0.3% (52 of 15950 branches)
[+] AFL test case: id:000022,src:000000+000015,time:223858,execs:3422,op:splice,rep:4 (22 / 43), cycle: 0
    lines......: 1.0% (220 of 21355 lines)
    functions..: 1.0% (8 of 791 functions)
    branches...: 0.3% (52 of 15950 branches)
[+] AFL test case: id:000023,src:000000+000015,time:224697,execs:3434,op:splice,rep:2 (23 / 43), cycle: 0
    lines......: 1.0% (220 of 21355 lines)
    functions..: 1.0% (8 of 791 functions)
    branches...: 0.3% (52 of 15950 branches)
[+] AFL test case: id:000024,src:000000+000015,time:225952,execs:3453,op:splice,rep:8,+cov (24 / 43), cycle: 0
    lines......: 1.0% (220 of 21355 lines)
    functions..: 1.0% (8 of 791 functions)
    branches...: 0.3% (52 of 15950 branches)
[+] AFL test case: id:000025,src:000000+000015,time:228625,execs:3494,op:splice,rep:16 (25 / 43), cycle: 0
    lines......: 1.0% (220 of 21355 lines)
    functions..: 1.0% (8 of 791 functions)
    branches...: 0.3% (52 of 15950 branches)
[+] AFL test case: id:000026,src:000000+000015,time:229745,execs:3511,op:splice,rep:16,+cov (26 / 43), cycle: 0
    lines......: 1.0% (220 of 21355 lines)
    functions..: 1.0% (8 of 791 functions)
    branches...: 0.3% (52 of 15950 branches)
[+] AFL test case: id:000027,src:000000+000015,time:231316,execs:3535,op:splice,rep:2 (27 / 43), cycle: 0
    lines......: 1.0% (220 of 21355 lines)
    functions..: 1.0% (8 of 791 functions)
    branches...: 0.3% (52 of 15950 branches)
[+] AFL test case: id:000028,src:000000+000015,time:235356,execs:3598,op:splice,rep:16,+cov (28 / 43), cycle: 0
    lines......: 1.0% (220 of 21355 lines)
    functions..: 1.0% (8 of 791 functions)
    branches...: 0.3% (52 of 15950 branches)
[+] AFL test case: id:000029,src:000000+000015,time:237061,execs:3624,op:splice,rep:4 (29 / 43), cycle: 0
    lines......: 1.0% (220 of 21355 lines)
    functions..: 1.0% (8 of 791 functions)
    branches...: 0.3% (52 of 15950 branches)
[+] AFL test case: id:000030,src:000000+000015,time:264250,execs:4059,op:splice,rep:16 (30 / 43), cycle: 0
    lines......: 1.0% (220 of 21355 lines)
    functions..: 1.0% (8 of 791 functions)
    branches...: 0.3% (52 of 15950 branches)
[+] AFL test case: id:000031,src:000014+000023,time:413420,execs:6145,op:splice,rep:2,+cov (31 / 43), cycle: 0
    lines......: 1.0% (220 of 21355 lines)
    functions..: 1.0% (8 of 791 functions)
    branches...: 0.3% (53 of 15950 branches)
[+] AFL test case: id:000032,src:000014+000021,time:417734,execs:6209,op:splice,rep:16,+cov (32 / 43), cycle: 0
    lines......: 1.0% (220 of 21355 lines)
    functions..: 1.0% (8 of 791 functions)
    branches...: 0.3% (54 of 15950 branches)
[+] AFL test case: id:000033,src:000007+000028,time:421476,execs:6265,op:splice,rep:8,+cov (33 / 43), cycle: 0
    lines......: 1.0% (220 of 21355 lines)
    functions..: 1.0% (8 of 791 functions)
    branches...: 0.3% (54 of 15950 branches)
[+] AFL test case: id:000034,src:000004+000028,time:435703,execs:6511,op:splice,rep:16,+cov (34 / 43), cycle: 0
    lines......: 1.0% (221 of 21355 lines)
    functions..: 1.0% (8 of 791 functions)
    branches...: 0.4% (58 of 15950 branches)

    Coverage diff id:000033,src:000007+000028,time:421476,execs:6265,op:splice,rep:8,+cov id:000034,src:000004+000028,time:435703,execs:6511,op:splice,rep:16,+cov
diff id:000033,src:000007+000028,time:421476,execs:6265,op:splice,rep:8,+cov -> id:000034,src:000004+000028,time:435703,execs:6511,op:splice,rep:16,+cov
Src file: /aflhellobatch/pals_STARTPALS_ActiveStandby.ufo.BOUNDED-10.pals.c
  New 'line' coverage: 492

[+] AFL test case: id:000035,src:000009+000030,time:452642,execs:6815,op:splice,rep:16 (35 / 43), cycle: 0
    lines......: 1.0% (221 of 21355 lines)
    functions..: 1.0% (8 of 791 functions)
    branches...: 0.4% (58 of 15950 branches)
[+] AFL test case: id:000036,src:000009+000030,time:453320,execs:6824,op:splice,rep:2 (36 / 43), cycle: 0
    lines......: 1.0% (221 of 21355 lines)
    functions..: 1.0% (8 of 791 functions)
    branches...: 0.4% (58 of 15950 branches)
[+] AFL test case: id:000037,src:000009+000030,time:454260,execs:6836,op:splice,rep:4 (37 / 43), cycle: 0
    lines......: 1.0% (221 of 21355 lines)
    functions..: 1.0% (8 of 791 functions)
    branches...: 0.4% (58 of 15950 branches)
[+] AFL test case: id:000038,src:000009+000030,time:458863,execs:6917,op:splice,rep:8 (38 / 43), cycle: 0
    lines......: 1.0% (221 of 21355 lines)
    functions..: 1.0% (8 of 791 functions)
    branches...: 0.4% (58 of 15950 branches)
[+] AFL test case: id:000039,src:000020+000030,time:502950,execs:7715,op:splice,rep:16 (39 / 43), cycle: 0
    lines......: 1.0% (221 of 21355 lines)
    functions..: 1.0% (8 of 791 functions)
    branches...: 0.4% (58 of 15950 branches)
[+] AFL test case: id:000040,src:000037,time:510494,execs:7852,op:havoc,rep:4 (40 / 43), cycle: 0
    lines......: 1.0% (221 of 21355 lines)
    functions..: 1.0% (8 of 791 functions)
    branches...: 0.4% (58 of 15950 branches)
[+] AFL test case: id:000041,src:000021+000036,time:573051,execs:8990,op:splice,rep:2,+cov (41 / 43), cycle: 0
    lines......: 1.1% (227 of 21355 lines)
    functions..: 1.0% (8 of 791 functions)
    branches...: 0.4% (62 of 15950 branches)

    Coverage diff id:000040,src:000037,time:510494,execs:7852,op:havoc,rep:4 id:000041,src:000021+000036,time:573051,execs:8990,op:splice,rep:2,+cov
diff id:000040,src:000037,time:510494,execs:7852,op:havoc,rep:4 -> id:000041,src:000021+000036,time:573051,execs:8990,op:splice,rep:2,+cov
Src file: /aflhellobatch/pals_STARTPALS_ActiveStandby.ufo.BOUNDED-10.pals.c
  New 'line' coverage: 327
  New 'line' coverage: 329
  New 'line' coverage: 335
  New 'line' coverage: 337
  New 'line' coverage: 401
  New 'line' coverage: 458

[+] AFL test case: id:000042,src:000041+000039,time:592390,execs:9310,op:splice,rep:2 (42 / 43), cycle: 0
    lines......: 1.1% (227 of 21355 lines)
    functions..: 1.0% (8 of 791 functions)
    branches...: 0.4% (62 of 15950 branches)
[+] Processed 43 / 43 test cases.

[+] Final zero coverage report: pals_STARTPALS_ActiveStandby.ufo.BOUNDED-10.pals.c_out/cov/zero-cov
[+] Final positive coverage report: pals_STARTPALS_ActiveStandby.ufo.BOUNDED-10.pals.c_out/cov/pos-cov
    lines......: 1.1% (227 of 21355 lines)
    functions..: 1.0% (8 of 791 functions)
    branches...: 0.4% (62 of 15950 branches)
[+] Final lcov web report: pals_STARTPALS_ActiveStandby.ufo.BOUNDED-10.pals.c_out/cov/web/index.html
