Entering new queueing cycle
while bitflipping, 0 of 0 tries hit branch -1
while calibrating, 0 of 0 tries hit branch -1
calib stage: 17 new coverage in 514 total execs
calib stage: 8 new branches in 514 total execs
In deterministic stage, 0 of 0 tries hit branch -1
det stage: 24 new coverage in 7747 total execs
det stage: 13 new branches in 7747 total execs
In havoc stage, 0 of 0 tries hit branch -1
havoc stage: 87 new coverage in 41019 total execs
havoc stage: 29 new branches in 41019 total execs
Trying to fuzz input pals_lcr-var-start-time.4.1.ufo.BOUNDED-8.pals.c_out/queue/id:000065,src:000000,op:havoc,rep:8,+cov: 
which hit branch 13420 (hit by 8 inputs) 
while bitflipping, 335 of 504 tries hit branch 13420
while calibrating, 147 of 190 tries hit branch 13420
calib stage: 0 new coverage in 694 total execs
calib stage: 0 new branches in 694 total execs
In deterministic stage, 5109 of 5141 tries hit branch 13420
det stage: 0 new coverage in 5835 total execs
det stage: 0 new branches in 5835 total execs
In havoc stage, 8310 of 19194 tries hit branch 13420
havoc stage: 7 new coverage in 25085 total execs
havoc stage: 0 new branches in 25085 total execs
