Entering new queueing cycle
while bitflipping, 0 of 0 tries hit branch -1
while calibrating, 0 of 0 tries hit branch -1
calib stage: 32 new coverage in 976 total execs
calib stage: 18 new branches in 976 total execs
In deterministic stage, 0 of 0 tries hit branch -1
det stage: 44 new coverage in 14911 total execs
det stage: 23 new branches in 14911 total execs
In havoc stage, 0 of 0 tries hit branch -1
havoc stage: 95 new coverage in 31704 total execs
havoc stage: 30 new branches in 31704 total execs
Was returning list of size 0
Upped max exp to 8
Trying to fuzz input pals_floodmax.4.ufo.BOUNDED-8.pals.c_out/queue/id:000031,src:000000,op:flip1,pos:76,+cov: 
which hit branch 58482 (hit by 176 inputs) 
while bitflipping, 311 of 640 tries hit branch 58482
while calibrating, 158 of 241 tries hit branch 58482
calib stage: 0 new coverage in 881 total execs
calib stage: 0 new branches in 881 total execs
In deterministic stage, 2910 of 2979 tries hit branch 58482
det stage: 0 new coverage in 3860 total execs
det stage: 0 new branches in 3860 total execs
In havoc stage, 168 of 512 tries hit branch 58482
havoc stage: 0 new coverage in 4372 total execs
havoc stage: 0 new branches in 4372 total execs
Trying to fuzz input pals_floodmax.4.ufo.BOUNDED-8.pals.c_out/queue/id:000044,src:000000,op:arith8,pos:76,val:-1,+cov: 
which hit branch 30132 (hit by 206 inputs) 
while bitflipping, 324 of 640 tries hit branch 30132
while calibrating, 161 of 241 tries hit branch 30132
calib stage: 0 new coverage in 881 total execs
calib stage: 0 new branches in 881 total execs
In havoc stage, 786 of 792 tries hit branch 30132
havoc stage: 0 new coverage in 1673 total execs
havoc stage: 0 new branches in 1673 total execs
