Entering new queueing cycle
while bitflipping, 0 of 0 tries hit branch -1
while calibrating, 0 of 0 tries hit branch -1
calib stage: 1 new coverage in 80 total execs
calib stage: 0 new branches in 80 total execs
In deterministic stage, 0 of 0 tries hit branch -1
det stage: 3 new coverage in 1166 total execs
det stage: 2 new branches in 1166 total execs
In havoc stage, 0 of 0 tries hit branch -1
havoc stage: 15 new coverage in 17646 total execs
havoc stage: 12 new branches in 17646 total execs
Trying to fuzz input pals_floodmax.5.ufo.BOUNDED-10.pals.c_out/queue/id:000012,src:000000,op:havoc,rep:4,+cov: 
which hit branch 57633 (hit by 1 inputs) 
while bitflipping, 62 of 264 tries hit branch 57633
while calibrating, 47 of 100 tries hit branch 57633
calib stage: 1 new coverage in 372 total execs
calib stage: 0 new branches in 372 total execs
In deterministic stage, 935 of 940 tries hit branch 57633
det stage: 2 new coverage in 1320 total execs
det stage: 1 new branches in 1320 total execs
In havoc stage, 4578 of 12288 tries hit branch 57633
havoc stage: 39 new coverage in 13905 total execs
havoc stage: 12 new branches in 13905 total execs
Was returning list of size 0
Upped max exp to 4
Trying to fuzz input pals_floodmax.5.ufo.BOUNDED-10.pals.c_out/queue/id:000042,src:000012,op:havoc,rep:64,+cov: 
which hit branch 56448 (hit by 12 inputs) 
while bitflipping, 727 of 736 tries hit branch 56448
while calibrating, 273 of 277 tries hit branch 56448
calib stage: 0 new coverage in 1013 total execs
calib stage: 0 new branches in 1013 total execs
In deterministic stage, 12119 of 18348 tries hit branch 56448
det stage: 4 new coverage in 19396 total execs
det stage: 0 new branches in 19396 total execs
In havoc stage, 30 of 512 tries hit branch 56448
havoc stage: 4 new coverage in 19908 total execs
havoc stage: 0 new branches in 19908 total execs
Was returning list of size 0
Upped max exp to 6
Trying to fuzz input pals_floodmax.5.ufo.BOUNDED-10.pals.c_out/queue/id:000043,src:000012,op:havoc,rep:64: 
which hit branch 44390 (hit by 35 inputs) 
while bitflipping, 257 of 432 tries hit branch 44390
while calibrating, 118 of 163 tries hit branch 44390
calib stage: 0 new coverage in 595 total execs
calib stage: 0 new branches in 595 total execs
In havoc stage, 5085 of 5087 tries hit branch 44390
havoc stage: 0 new coverage in 5682 total execs
havoc stage: 0 new branches in 5682 total execs
