Entering new queueing cycle
while bitflipping, 0 of 0 tries hit branch -1
while calibrating, 0 of 0 tries hit branch -1
calib stage: 1 new coverage in 80 total execs
calib stage: 0 new branches in 80 total execs
In deterministic stage, 0 of 0 tries hit branch -1
det stage: 2 new coverage in 1158 total execs
det stage: 1 new branches in 1158 total execs
In havoc stage, 0 of 0 tries hit branch -1
havoc stage: 20 new coverage in 7832 total execs
havoc stage: 13 new branches in 7832 total execs
Trying to fuzz input pals_lcr.5.1.ufo.BOUNDED-10.pals.c_out/queue/id:000005,src:000000,op:havoc,rep:16,+cov: 
which hit branch 10285 (hit by 4 inputs) 
while bitflipping, 56 of 96 tries hit branch 10285
while calibrating, 27 of 37 tries hit branch 10285
calib stage: 0 new coverage in 133 total execs
calib stage: 0 new branches in 133 total execs
In deterministic stage, 842 of 846 tries hit branch 10285
det stage: 0 new coverage in 979 total execs
det stage: 0 new branches in 979 total execs
In havoc stage, 3374 of 6528 tries hit branch 10285
havoc stage: 19 new coverage in 7661 total execs
havoc stage: 3 new branches in 7661 total execs
Trying to fuzz input pals_lcr.5.1.ufo.BOUNDED-10.pals.c_out/queue/id:000033,src:000005,op:havoc,rep:64,+cov: 
which hit branch 33139 (hit by 1 inputs) 
while bitflipping, 573 of 640 tries hit branch 33139
while calibrating, 224 of 241 tries hit branch 33139
calib stage: 3 new coverage in 905 total execs
calib stage: 1 new branches in 905 total execs
In havoc stage, 10235 of 10250 tries hit branch 33139
havoc stage: 4 new coverage in 11164 total execs
havoc stage: 2 new branches in 11164 total execs
