Entering new queueing cycle
while bitflipping, 0 of 0 tries hit branch -1
while calibrating, 0 of 0 tries hit branch -1
calib stage: 4 new coverage in 500 total execs
calib stage: 1 new branches in 500 total execs
In deterministic stage, 0 of 0 tries hit branch -1
det stage: 9 new coverage in 9280 total execs
det stage: 5 new branches in 9280 total execs
In havoc stage, 0 of 0 tries hit branch -1
havoc stage: 53 new coverage in 42406 total execs
havoc stage: 14 new branches in 42406 total execs
Was returning list of size 0
Upped max exp to 5
Trying to fuzz input pals_STARTPALS_ActiveStandby.1.ufo.BOUNDED-10.pals.c_out/queue/id:000035,src:000000,op:havoc,rep:4,+cov: 
which hit branch 59067 (hit by 31 inputs) 
while bitflipping, 384 of 576 tries hit branch 59067
while calibrating, 163 of 217 tries hit branch 59067
calib stage: 0 new coverage in 793 total execs
calib stage: 0 new branches in 793 total execs
In deterministic stage, 5747 of 5748 tries hit branch 59067
det stage: 0 new coverage in 6541 total execs
det stage: 0 new branches in 6541 total execs
In havoc stage, 6068 of 12992 tries hit branch 59067
havoc stage: 6 new coverage in 19581 total execs
havoc stage: 0 new branches in 19581 total execs
