Entering new queueing cycle
while bitflipping, 0 of 0 tries hit branch -1
while calibrating, 0 of 0 tries hit branch -1
calib stage: 19 new coverage in 638 total execs
calib stage: 11 new branches in 638 total execs
In deterministic stage, 0 of 0 tries hit branch -1
det stage: 25 new coverage in 9965 total execs
det stage: 15 new branches in 9965 total execs
In havoc stage, 0 of 0 tries hit branch -1
havoc stage: 48 new coverage in 26546 total execs
havoc stage: 22 new branches in 26546 total execs
Was returning list of size 0
Upped max exp to 8
Trying to fuzz input pals_floodmax.3.3.ufo.BOUNDED-6.pals.c_out/queue/id:000001,src:000000,op:flip1,pos:0,+cov: 
which hit branch 29884 (hit by 244 inputs) 
while bitflipping, 285 of 432 tries hit branch 29884
while calibrating, 124 of 163 tries hit branch 29884
calib stage: 0 new coverage in 595 total execs
calib stage: 0 new branches in 595 total execs
In deterministic stage, 4850 of 4977 tries hit branch 29884
det stage: 0 new coverage in 5573 total execs
det stage: 0 new branches in 5573 total execs
In havoc stage, 214 of 512 tries hit branch 29884
havoc stage: 0 new coverage in 6085 total execs
havoc stage: 0 new branches in 6085 total execs
Was returning list of size 0
Upped max exp to 9
Trying to fuzz input pals_floodmax.3.3.ufo.BOUNDED-6.pals.c_out/queue/id:000018,src:000000,op:flip1,pos:50,+cov: 
which hit branch 64272 (hit by 315 inputs) 
while bitflipping, 207 of 432 tries hit branch 64272
while calibrating, 104 of 163 tries hit branch 64272
calib stage: 0 new coverage in 595 total execs
calib stage: 0 new branches in 595 total execs
In deterministic stage, 1961 of 2028 tries hit branch 64272
det stage: 0 new coverage in 2623 total execs
det stage: 0 new branches in 2623 total execs
In havoc stage, 311 of 1024 tries hit branch 64272
havoc stage: 1 new coverage in 3655 total execs
havoc stage: 0 new branches in 3655 total execs
Trying to fuzz input pals_floodmax.3.3.ufo.BOUNDED-6.pals.c_out/queue/id:000022,src:000000,op:flip4,pos:36,+cov: 
which hit branch 5752 (hit by 415 inputs) 
while bitflipping, 275 of 432 tries hit branch 5752
while calibrating, 124 of 163 tries hit branch 5752
calib stage: 0 new coverage in 595 total execs
calib stage: 0 new branches in 595 total execs
In deterministic stage, 4072 of 4106 tries hit branch 5752
det stage: 0 new coverage in 4701 total execs
det stage: 0 new branches in 4701 total execs
In havoc stage, 171 of 384 tries hit branch 5752
havoc stage: 0 new coverage in 5085 total execs
havoc stage: 0 new branches in 5085 total execs
Trying to fuzz input pals_floodmax.3.3.ufo.BOUNDED-6.pals.c_out/queue/id:000025,src:000000,op:arith8,pos:50,val:-1,+cov: 
which hit branch 46110 (hit by 418 inputs) 
while bitflipping, 219 of 432 tries hit branch 46110
while calibrating, 110 of 163 tries hit branch 46110
calib stage: 0 new coverage in 595 total execs
calib stage: 0 new branches in 595 total execs
In deterministic stage, 2126 of 2160 tries hit branch 46110
det stage: 0 new coverage in 2755 total execs
det stage: 0 new branches in 2755 total execs
In havoc stage, 231 of 512 tries hit branch 46110
havoc stage: 0 new coverage in 3267 total execs
havoc stage: 0 new branches in 3267 total execs
Was returning list of size 0
Upped max exp to 10
Trying to fuzz input pals_floodmax.3.3.ufo.BOUNDED-6.pals.c_out/queue/id:000033,src:000000,op:havoc,rep:16: 
which hit branch 62037 (hit by 650 inputs) 
while bitflipping, 419 of 424 tries hit branch 62037
while calibrating, 157 of 160 tries hit branch 62037
calib stage: 0 new coverage in 584 total execs
calib stage: 0 new branches in 584 total execs
In havoc stage, 8861 of 8903 tries hit branch 62037
havoc stage: 0 new coverage in 9487 total execs
havoc stage: 0 new branches in 9487 total execs
