
*** Imported 39 new test cases from: pals_lcr-var-start-time.3.ufo.BOUNDED-6.pals.c_out/default/queue

[+] AFL test case: id:000000,time:0,execs:0,orig:hello.txt (0 / 39), cycle: 0
    lines......: 0.5% (115 of 21355 lines)
    functions..: 0.9% (7 of 791 functions)
    branches...: 0.2% (25 of 15950 branches)

    Coverage diff (init) id:000000,time:0,execs:0,orig:hello.txt
diff (init) -> id:000000,time:0,execs:0,orig:hello.txt
New src file: /aflhellobatch/pals_lcr-var-start-time.3.ufo.BOUNDED-6.pals.c
  New 'function' coverage: __VERIFIER_nondet_bool()
  New 'function' coverage: __VERIFIER_nondet_char()
  New 'function' coverage: get_inputs()
  New 'function' coverage: main()
  New 'function' coverage: node1()
  New 'function' coverage: node2()
  New 'function' coverage: node3()
  New 'line' coverage: 14
  New 'line' coverage: 142
  New 'line' coverage: 144
  New 'line' coverage: 147
  New 'line' coverage: 148
  New 'line' coverage: 149
  New 'line' coverage: 150
  New 'line' coverage: 151
  New 'line' coverage: 152
  New 'line' coverage: 16
  New 'line' coverage: 164
  New 'line' coverage: 166
  New 'line' coverage: 169
  New 'line' coverage: 17
  New 'line' coverage: 172
  New 'line' coverage: 174
  New 'line' coverage: 177
  New 'line' coverage: 179
  New 'line' coverage: 182
  New 'line' coverage: 183
  New 'line' coverage: 184
  New 'line' coverage: 185
  New 'line' coverage: 186
  New 'line' coverage: 19
  New 'line' coverage: 198
  New 'line' coverage: 20
  New 'line' coverage: 200
  New 'line' coverage: 203
  New 'line' coverage: 206
  New 'line' coverage: 208
  New 'line' coverage: 211
  New 'line' coverage: 213
  New 'line' coverage: 216
  New 'line' coverage: 217
  New 'line' coverage: 218
  New 'line' coverage: 219
  New 'line' coverage: 22
  New 'line' coverage: 220
  New 'line' coverage: 23
  New 'line' coverage: 232
  New 'line' coverage: 234
  New 'line' coverage: 237
  New 'line' coverage: 24
  New 'line' coverage: 240
  New 'line' coverage: 242
  New 'line' coverage: 27
  New 'line' coverage: 29
  New 'line' coverage: 30
  New 'line' coverage: 32
  New 'line' coverage: 322
  New 'line' coverage: 324
  New 'line' coverage: 339
  New 'line' coverage: 34
  New 'line' coverage: 342
  New 'line' coverage: 343
  New 'line' coverage: 344
  New 'line' coverage: 345
  New 'line' coverage: 348
  New 'line' coverage: 349
  New 'line' coverage: 35
  New 'line' coverage: 350
  New 'line' coverage: 351
  New 'line' coverage: 352
  New 'line' coverage: 353
  New 'line' coverage: 354
  New 'line' coverage: 355
  New 'line' coverage: 356
  New 'line' coverage: 357
  New 'line' coverage: 358
  New 'line' coverage: 359
  New 'line' coverage: 36
  New 'line' coverage: 360
  New 'line' coverage: 361
  New 'line' coverage: 362
  New 'line' coverage: 363
  New 'line' coverage: 364
  New 'line' coverage: 365
  New 'line' coverage: 366
  New 'line' coverage: 367
  New 'line' coverage: 368
  New 'line' coverage: 369
  New 'line' coverage: 37
  New 'line' coverage: 370
  New 'line' coverage: 371
  New 'line' coverage: 372
  New 'line' coverage: 373
  New 'line' coverage: 374
  New 'line' coverage: 376
  New 'line' coverage: 377
  New 'line' coverage: 378
  New 'line' coverage: 379
  New 'line' coverage: 38
  New 'line' coverage: 380
  New 'line' coverage: 381
  New 'line' coverage: 382
  New 'line' coverage: 383
  New 'line' coverage: 384
  New 'line' coverage: 385
  New 'line' coverage: 386
  New 'line' coverage: 387
  New 'line' coverage: 39
  New 'line' coverage: 391
  New 'line' coverage: 393
  New 'line' coverage: 398
  New 'line' coverage: 40
  New 'line' coverage: 401
  New 'line' coverage: 41
  New 'line' coverage: 42
  New 'line' coverage: 75
  New 'line' coverage: 76
  New 'line' coverage: 77
  New 'line' coverage: 78
  New 'line' coverage: 79
  New 'line' coverage: 80
  New 'line' coverage: 81

[+] AFL test case: id:000001,src:000000,time:188,execs:11,op:havoc,rep:16,+cov (1 / 39), cycle: 0
    lines......: 0.5% (115 of 21355 lines)
    functions..: 0.9% (7 of 791 functions)
    branches...: 0.2% (25 of 15950 branches)
[+] AFL test case: id:000002,src:000000,time:773,execs:21,op:havoc,rep:4,+cov (2 / 39), cycle: 0
    lines......: 0.6% (118 of 21355 lines)
    functions..: 0.9% (7 of 791 functions)
    branches...: 0.2% (30 of 15950 branches)

    Coverage diff id:000001,src:000000,time:188,execs:11,op:havoc,rep:16,+cov id:000002,src:000000,time:773,execs:21,op:havoc,rep:4,+cov
diff id:000001,src:000000,time:188,execs:11,op:havoc,rep:16,+cov -> id:000002,src:000000,time:773,execs:21,op:havoc,rep:4,+cov
Src file: /aflhellobatch/pals_lcr-var-start-time.3.ufo.BOUNDED-6.pals.c
  New 'line' coverage: 170
  New 'line' coverage: 187
  New 'line' coverage: 195

[+] AFL test case: id:000003,src:000000,time:1755,execs:39,op:havoc,rep:2 (3 / 39), cycle: 0
    lines......: 0.6% (118 of 21355 lines)
    functions..: 0.9% (7 of 791 functions)
    branches...: 0.2% (30 of 15950 branches)
[+] AFL test case: id:000004,src:000000,time:2969,execs:62,op:havoc,rep:2,+cov (4 / 39), cycle: 0
    lines......: 0.6% (123 of 21355 lines)
    functions..: 0.9% (7 of 791 functions)
    branches...: 0.3% (41 of 15950 branches)

    Coverage diff id:000003,src:000000,time:1755,execs:39,op:havoc,rep:2 id:000004,src:000000,time:2969,execs:62,op:havoc,rep:2,+cov
diff id:000003,src:000000,time:1755,execs:39,op:havoc,rep:2 -> id:000004,src:000000,time:2969,execs:62,op:havoc,rep:2,+cov
Src file: /aflhellobatch/pals_lcr-var-start-time.3.ufo.BOUNDED-6.pals.c
  New 'line' coverage: 167
  New 'line' coverage: 204
  New 'line' coverage: 221
  New 'line' coverage: 229
  New 'line' coverage: 238

[+] AFL test case: id:000005,src:000000,time:5227,execs:106,op:havoc,rep:16,+cov (5 / 39), cycle: 0
    lines......: 0.6% (123 of 21355 lines)
    functions..: 0.9% (7 of 791 functions)
    branches...: 0.3% (41 of 15950 branches)
[+] AFL test case: id:000006,src:000000,time:11070,execs:222,op:havoc,rep:8,+cov (6 / 39), cycle: 0
    lines......: 0.6% (134 of 21355 lines)
    functions..: 0.9% (7 of 791 functions)
    branches...: 0.4% (56 of 15950 branches)

    Coverage diff id:000005,src:000000,time:5227,execs:106,op:havoc,rep:16,+cov id:000006,src:000000,time:11070,execs:222,op:havoc,rep:8,+cov
diff id:000005,src:000000,time:5227,execs:106,op:havoc,rep:16,+cov -> id:000006,src:000000,time:11070,execs:222,op:havoc,rep:8,+cov
Src file: /aflhellobatch/pals_lcr-var-start-time.3.ufo.BOUNDED-6.pals.c
  New 'line' coverage: 153
  New 'line' coverage: 154
  New 'line' coverage: 155
  New 'line' coverage: 188
  New 'line' coverage: 189
  New 'line' coverage: 201
  New 'line' coverage: 222
  New 'line' coverage: 223
  New 'line' coverage: 225
  New 'line' coverage: 226
  New 'line' coverage: 235

[+] AFL test case: id:000007,src:000000,time:19624,execs:389,op:havoc,rep:16,+cov (7 / 39), cycle: 0
    lines......: 0.6% (134 of 21355 lines)
    functions..: 0.9% (7 of 791 functions)
    branches...: 0.4% (56 of 15950 branches)
[+] AFL test case: id:000008,src:000000,time:21747,execs:430,op:havoc,rep:8,+cov (8 / 39), cycle: 0
    lines......: 0.6% (134 of 21355 lines)
    functions..: 0.9% (7 of 791 functions)
    branches...: 0.4% (56 of 15950 branches)
[+] AFL test case: id:000009,src:000000,time:24388,execs:482,op:havoc,rep:16,+cov (9 / 39), cycle: 0
    lines......: 0.6% (134 of 21355 lines)
    functions..: 0.9% (7 of 791 functions)
    branches...: 0.4% (56 of 15950 branches)
[+] AFL test case: id:000010,src:000000,time:55907,execs:1118,op:havoc,rep:8,+cov (10 / 39), cycle: 0
    lines......: 0.6% (136 of 21355 lines)
    functions..: 0.9% (7 of 791 functions)
    branches...: 0.4% (58 of 15950 branches)

    Coverage diff id:000009,src:000000,time:24388,execs:482,op:havoc,rep:16,+cov id:000010,src:000000,time:55907,execs:1118,op:havoc,rep:8,+cov
diff id:000009,src:000000,time:24388,execs:482,op:havoc,rep:16,+cov -> id:000010,src:000000,time:55907,execs:1118,op:havoc,rep:8,+cov
Src file: /aflhellobatch/pals_lcr-var-start-time.3.ufo.BOUNDED-6.pals.c
  New 'line' coverage: 191
  New 'line' coverage: 192

[+] AFL test case: id:000011,src:000000,time:58062,execs:1159,op:havoc,rep:8,+cov (11 / 39), cycle: 0
    lines......: 0.6% (136 of 21355 lines)
    functions..: 0.9% (7 of 791 functions)
    branches...: 0.4% (58 of 15950 branches)
[+] AFL test case: id:000012,src:000000,time:72142,execs:1441,op:havoc,rep:8,+cov (12 / 39), cycle: 0
    lines......: 0.6% (136 of 21355 lines)
    functions..: 0.9% (7 of 791 functions)
    branches...: 0.4% (58 of 15950 branches)
[+] AFL test case: id:000013,src:000000,time:77021,execs:1535,op:havoc,rep:8,+cov (13 / 39), cycle: 0
    lines......: 0.6% (138 of 21355 lines)
    functions..: 0.9% (7 of 791 functions)
    branches...: 0.4% (60 of 15950 branches)

    Coverage diff id:000012,src:000000,time:72142,execs:1441,op:havoc,rep:8,+cov id:000013,src:000000,time:77021,execs:1535,op:havoc,rep:8,+cov
diff id:000012,src:000000,time:72142,execs:1441,op:havoc,rep:8,+cov -> id:000013,src:000000,time:77021,execs:1535,op:havoc,rep:8,+cov
Src file: /aflhellobatch/pals_lcr-var-start-time.3.ufo.BOUNDED-6.pals.c
  New 'line' coverage: 157
  New 'line' coverage: 158

[+] AFL test case: id:000014,src:000000,time:81326,execs:1620,op:havoc,rep:16,+cov (14 / 39), cycle: 0
    lines......: 0.7% (139 of 21355 lines)
    functions..: 0.9% (7 of 791 functions)
    branches...: 0.4% (61 of 15950 branches)

    Coverage diff id:000013,src:000000,time:77021,execs:1535,op:havoc,rep:8,+cov id:000014,src:000000,time:81326,execs:1620,op:havoc,rep:16,+cov
diff id:000013,src:000000,time:77021,execs:1535,op:havoc,rep:8,+cov -> id:000014,src:000000,time:81326,execs:1620,op:havoc,rep:16,+cov
Src file: /aflhellobatch/pals_lcr-var-start-time.3.ufo.BOUNDED-6.pals.c
  New 'line' coverage: 161

[+] AFL test case: id:000015,src:000000,time:106269,execs:2122,op:havoc,rep:16,+cov (15 / 39), cycle: 0
    lines......: 0.7% (139 of 21355 lines)
    functions..: 0.9% (7 of 791 functions)
    branches...: 0.4% (61 of 15950 branches)
[+] AFL test case: id:000016,src:000000,time:120471,execs:2405,op:havoc,rep:8,+cov (16 / 39), cycle: 0
    lines......: 0.7% (139 of 21355 lines)
    functions..: 0.9% (7 of 791 functions)
    branches...: 0.4% (61 of 15950 branches)
[+] AFL test case: id:000017,src:000000,time:154170,execs:3076,op:havoc,rep:16,+cov (17 / 39), cycle: 0
    lines......: 0.7% (139 of 21355 lines)
    functions..: 0.9% (7 of 791 functions)
    branches...: 0.4% (61 of 15950 branches)
[+] AFL test case: id:000018,src:000000+000015,time:168737,execs:3365,op:splice,rep:8,+cov (18 / 39), cycle: 0
    lines......: 0.7% (139 of 21355 lines)
    functions..: 0.9% (7 of 791 functions)
    branches...: 0.4% (62 of 15950 branches)
[+] AFL test case: id:000019,src:000000+000015,time:169335,execs:3375,op:splice,rep:4,+cov (19 / 39), cycle: 0
    lines......: 0.7% (139 of 21355 lines)
    functions..: 0.9% (7 of 791 functions)
    branches...: 0.4% (62 of 15950 branches)
[+] AFL test case: id:000020,src:000000+000015,time:169882,execs:3384,op:splice,rep:2 (20 / 39), cycle: 0
    lines......: 0.7% (139 of 21355 lines)
    functions..: 0.9% (7 of 791 functions)
    branches...: 0.4% (62 of 15950 branches)
[+] AFL test case: id:000021,src:000000+000015,time:171936,execs:3423,op:splice,rep:16,+cov (21 / 39), cycle: 0
    lines......: 0.7% (139 of 21355 lines)
    functions..: 0.9% (7 of 791 functions)
    branches...: 0.4% (63 of 15950 branches)
[+] AFL test case: id:000022,src:000000+000015,time:172631,execs:3435,op:splice,rep:8,+cov (22 / 39), cycle: 0
    lines......: 0.7% (139 of 21355 lines)
    functions..: 0.9% (7 of 791 functions)
    branches...: 0.4% (63 of 15950 branches)
[+] AFL test case: id:000023,src:000000+000015,time:174274,execs:3466,op:splice,rep:16,+cov (23 / 39), cycle: 0
    lines......: 0.7% (139 of 21355 lines)
    functions..: 0.9% (7 of 791 functions)
    branches...: 0.4% (63 of 15950 branches)
[+] AFL test case: id:000024,src:000000+000015,time:179669,execs:3570,op:splice,rep:8,+cov (24 / 39), cycle: 0
    lines......: 0.7% (139 of 21355 lines)
    functions..: 0.9% (7 of 791 functions)
    branches...: 0.4% (64 of 15950 branches)
[+] AFL test case: id:000025,src:000000+000015,time:188902,execs:3750,op:splice,rep:16 (25 / 39), cycle: 0
    lines......: 0.7% (139 of 21355 lines)
    functions..: 0.9% (7 of 791 functions)
    branches...: 0.4% (64 of 15950 branches)
[+] AFL test case: id:000026,src:000000+000015,time:199021,execs:3947,op:splice,rep:4 (26 / 39), cycle: 0
    lines......: 0.7% (139 of 21355 lines)
    functions..: 0.9% (7 of 791 functions)
    branches...: 0.4% (64 of 15950 branches)
[+] AFL test case: id:000027,src:000000+000015,time:200044,execs:3965,op:splice,rep:4,+cov (27 / 39), cycle: 0
    lines......: 0.7% (139 of 21355 lines)
    functions..: 0.9% (7 of 791 functions)
    branches...: 0.4% (64 of 15950 branches)
[+] AFL test case: id:000028,src:000000+000015,time:207525,execs:4111,op:splice,rep:16 (28 / 39), cycle: 0
    lines......: 0.7% (139 of 21355 lines)
    functions..: 0.9% (7 of 791 functions)
    branches...: 0.4% (64 of 15950 branches)
[+] AFL test case: id:000029,src:000000+000015,time:214167,execs:4241,op:splice,rep:16 (29 / 39), cycle: 0
    lines......: 0.7% (139 of 21355 lines)
    functions..: 0.9% (7 of 791 functions)
    branches...: 0.4% (64 of 15950 branches)
[+] AFL test case: id:000030,src:000000+000015,time:245263,execs:4845,op:splice,rep:8 (30 / 39), cycle: 0
    lines......: 0.7% (139 of 21355 lines)
    functions..: 0.9% (7 of 791 functions)
    branches...: 0.4% (64 of 15950 branches)
[+] AFL test case: id:000031,src:000000+000015,time:248686,execs:4910,op:splice,rep:8,+cov (31 / 39), cycle: 0
    lines......: 0.7% (139 of 21355 lines)
    functions..: 0.9% (7 of 791 functions)
    branches...: 0.4% (64 of 15950 branches)
[+] AFL test case: id:000032,src:000000+000031,time:253807,execs:5009,op:splice,rep:4,+cov (32 / 39), cycle: 0
    lines......: 0.7% (139 of 21355 lines)
    functions..: 0.9% (7 of 791 functions)
    branches...: 0.4% (64 of 15950 branches)
[+] AFL test case: id:000033,src:000014+000032,time:275052,execs:5421,op:splice,rep:16,+cov (33 / 39), cycle: 0
    lines......: 0.7% (139 of 21355 lines)
    functions..: 0.9% (7 of 791 functions)
    branches...: 0.4% (64 of 15950 branches)
[+] AFL test case: id:000034,src:000002+000033,time:301149,execs:5926,op:splice,rep:2 (34 / 39), cycle: 0
    lines......: 0.7% (139 of 21355 lines)
    functions..: 0.9% (7 of 791 functions)
    branches...: 0.4% (64 of 15950 branches)
[+] AFL test case: id:000035,src:000024+000034,time:490707,execs:9633,op:splice,rep:16 (35 / 39), cycle: 0
    lines......: 0.7% (139 of 21355 lines)
    functions..: 0.9% (7 of 791 functions)
    branches...: 0.4% (64 of 15950 branches)
[+] AFL test case: id:000036,src:000017+000018,time:558999,execs:10946,op:splice,rep:8,+cov (36 / 39), cycle: 0
    lines......: 0.7% (139 of 21355 lines)
    functions..: 0.9% (7 of 791 functions)
    branches...: 0.4% (65 of 15950 branches)
[+] AFL test case: id:000037,src:000017+000036,time:566661,execs:11085,op:splice,rep:16,+cov (37 / 39), cycle: 0
    lines......: 0.7% (139 of 21355 lines)
    functions..: 0.9% (7 of 791 functions)
    branches...: 0.4% (66 of 15950 branches)
[+] AFL test case: id:000038,src:000016+000037,time:584761,execs:11428,op:splice,rep:2 (38 / 39), cycle: 0
    lines......: 0.7% (139 of 21355 lines)
    functions..: 0.9% (7 of 791 functions)
    branches...: 0.4% (66 of 15950 branches)
[+] Processed 39 / 39 test cases.

[+] Final zero coverage report: pals_lcr-var-start-time.3.ufo.BOUNDED-6.pals.c_out/cov/zero-cov
[+] Final positive coverage report: pals_lcr-var-start-time.3.ufo.BOUNDED-6.pals.c_out/cov/pos-cov
    lines......: 0.7% (139 of 21355 lines)
    functions..: 0.9% (7 of 791 functions)
    branches...: 0.4% (66 of 15950 branches)
[+] Final lcov web report: pals_lcr-var-start-time.3.ufo.BOUNDED-6.pals.c_out/cov/web/index.html
