Entering new queueing cycle
while bitflipping, 0 of 0 tries hit branch -1
while calibrating, 0 of 0 tries hit branch -1
calib stage: 1 new coverage in 80 total execs
calib stage: 0 new branches in 80 total execs
In deterministic stage, 0 of 0 tries hit branch -1
det stage: 3 new coverage in 1166 total execs
det stage: 2 new branches in 1166 total execs
In havoc stage, 0 of 0 tries hit branch -1
havoc stage: 19 new coverage in 17678 total execs
havoc stage: 12 new branches in 17678 total execs
Trying to fuzz input pals_floodmax.3.ufo.BOUNDED-6.pals.c_out/queue/id:000009,src:000000,op:havoc,rep:2,+cov: 
which hit branch 61715 (hit by 1 inputs) 
while bitflipping, 30 of 120 tries hit branch 61715
while calibrating, 21 of 46 tries hit branch 61715
calib stage: 0 new coverage in 166 total execs
calib stage: 0 new branches in 166 total execs
In deterministic stage, 308 of 308 tries hit branch 61715
det stage: 0 new coverage in 474 total execs
det stage: 0 new branches in 474 total execs
In havoc stage, 5053 of 16384 tries hit branch 61715
havoc stage: 14 new coverage in 16970 total execs
havoc stage: 2 new branches in 16970 total execs
Was returning list of size 0
Upped max exp to 6
Trying to fuzz input pals_floodmax.3.ufo.BOUNDED-6.pals.c_out/queue/id:000012,src:000000,op:havoc,rep:64,+cov: 
which hit branch 35639 (hit by 55 inputs) 
while bitflipping, 264 of 272 tries hit branch 35639
while calibrating, 100 of 103 tries hit branch 35639
calib stage: 0 new coverage in 375 total execs
calib stage: 0 new branches in 375 total execs
In deterministic stage, 6333 of 6333 tries hit branch 35639
det stage: 0 new coverage in 6708 total execs
det stage: 0 new branches in 6708 total execs
In havoc stage, 1418 of 2048 tries hit branch 35639
havoc stage: 2 new coverage in 8772 total execs
havoc stage: 0 new branches in 8772 total execs
Trying to fuzz input pals_floodmax.3.ufo.BOUNDED-6.pals.c_out/queue/id:000022,src:000009,op:havoc,rep:32,+cov: 
which hit branch 53996 (hit by 57 inputs) 
while bitflipping, 276 of 480 tries hit branch 53996
while calibrating, 128 of 181 tries hit branch 53996
calib stage: 0 new coverage in 661 total execs
calib stage: 0 new branches in 661 total execs
In deterministic stage, 5232 of 5249 tries hit branch 53996
det stage: 1 new coverage in 5918 total execs
det stage: 0 new branches in 5918 total execs
In havoc stage, 332 of 1024 tries hit branch 53996
havoc stage: 2 new coverage in 6950 total execs
havoc stage: 0 new branches in 6950 total execs
Was returning list of size 0
Upped max exp to 7
Trying to fuzz input pals_floodmax.3.ufo.BOUNDED-6.pals.c_out/queue/id:000029,src:000009,op:havoc,rep:128: 
which hit branch 61255 (hit by 113 inputs) 
while bitflipping, 239 of 304 tries hit branch 61255
while calibrating, 98 of 115 tries hit branch 61255
calib stage: 0 new coverage in 419 total execs
calib stage: 0 new branches in 419 total execs
In deterministic stage, 4642 of 4645 tries hit branch 61255
det stage: 0 new coverage in 5064 total execs
det stage: 0 new branches in 5064 total execs
In havoc stage, 5520 of 9064 tries hit branch 61255
havoc stage: 7 new coverage in 14184 total execs
havoc stage: 0 new branches in 14184 total execs
