Entering new queueing cycle
while bitflipping, 0 of 0 tries hit branch -1
while calibrating, 0 of 0 tries hit branch -1
calib stage: 19 new coverage in 638 total execs
calib stage: 11 new branches in 638 total execs
In deterministic stage, 0 of 0 tries hit branch -1
det stage: 25 new coverage in 9965 total execs
det stage: 15 new branches in 9965 total execs
In havoc stage, 0 of 0 tries hit branch -1
havoc stage: 51 new coverage in 26561 total execs
havoc stage: 21 new branches in 26561 total execs
Was returning list of size 0
Upped max exp to 8
Trying to fuzz input pals_floodmax.3.ufo.BOUNDED-6.pals.c_out/queue/id:000001,src:000000,op:flip1,pos:0,+cov: 
which hit branch 58521 (hit by 242 inputs) 
while bitflipping, 285 of 432 tries hit branch 58521
while calibrating, 123 of 163 tries hit branch 58521
calib stage: 0 new coverage in 595 total execs
calib stage: 0 new branches in 595 total execs
In deterministic stage, 4850 of 4977 tries hit branch 58521
det stage: 0 new coverage in 5572 total execs
det stage: 0 new branches in 5572 total execs
In havoc stage, 200 of 512 tries hit branch 58521
havoc stage: 0 new coverage in 6084 total execs
havoc stage: 0 new branches in 6084 total execs
Was returning list of size 0
Upped max exp to 9
Trying to fuzz input pals_floodmax.3.ufo.BOUNDED-6.pals.c_out/queue/id:000018,src:000000,op:flip1,pos:50,+cov: 
which hit branch 53996 (hit by 287 inputs) 
while bitflipping, 207 of 432 tries hit branch 53996
while calibrating, 105 of 163 tries hit branch 53996
calib stage: 0 new coverage in 595 total execs
calib stage: 0 new branches in 595 total execs
In deterministic stage, 1961 of 2028 tries hit branch 53996
det stage: 0 new coverage in 2624 total execs
det stage: 0 new branches in 2624 total execs
In havoc stage, 177 of 512 tries hit branch 53996
havoc stage: 0 new coverage in 3136 total execs
havoc stage: 0 new branches in 3136 total execs
Trying to fuzz input pals_floodmax.3.ufo.BOUNDED-6.pals.c_out/queue/id:000022,src:000000,op:flip4,pos:36,+cov: 
which hit branch 419 (hit by 415 inputs) 
while bitflipping, 275 of 432 tries hit branch 419
while calibrating, 121 of 163 tries hit branch 419
calib stage: 0 new coverage in 595 total execs
calib stage: 0 new branches in 595 total execs
In deterministic stage, 4072 of 4106 tries hit branch 419
det stage: 0 new coverage in 4701 total execs
det stage: 0 new branches in 4701 total execs
In havoc stage, 258 of 512 tries hit branch 419
havoc stage: 0 new coverage in 5214 total execs
havoc stage: 0 new branches in 5214 total execs
Trying to fuzz input pals_floodmax.3.ufo.BOUNDED-6.pals.c_out/queue/id:000025,src:000000,op:arith8,pos:50,val:-1,+cov: 
which hit branch 4875 (hit by 409 inputs) 
while bitflipping, 219 of 432 tries hit branch 4875
while calibrating, 109 of 163 tries hit branch 4875
calib stage: 0 new coverage in 595 total execs
calib stage: 0 new branches in 595 total execs
In deterministic stage, 2126 of 2160 tries hit branch 4875
det stage: 0 new coverage in 2755 total execs
det stage: 0 new branches in 2755 total execs
In havoc stage, 432 of 1024 tries hit branch 4875
havoc stage: 1 new coverage in 3787 total execs
havoc stage: 0 new branches in 3787 total execs
Was returning list of size 0
Upped max exp to 10
Trying to fuzz input pals_floodmax.3.ufo.BOUNDED-6.pals.c_out/queue/id:000028,src:000000,op:havoc,rep:16,+cov: 
which hit branch 4045 (hit by 688 inputs) 
while bitflipping, 371 of 376 tries hit branch 4045
while calibrating, 140 of 142 tries hit branch 4045
calib stage: 0 new coverage in 518 total execs
calib stage: 0 new branches in 518 total execs
In havoc stage, 6571 of 6601 tries hit branch 4045
havoc stage: 0 new coverage in 7119 total execs
havoc stage: 0 new branches in 7119 total execs
