Entering new queueing cycle
while bitflipping, 0 of 0 tries hit branch -1
while calibrating, 0 of 0 tries hit branch -1
calib stage: 1 new coverage in 80 total execs
calib stage: 0 new branches in 80 total execs
In deterministic stage, 0 of 0 tries hit branch -1
det stage: 2 new coverage in 1158 total execs
det stage: 1 new branches in 1158 total execs
In havoc stage, 0 of 0 tries hit branch -1
havoc stage: 25 new coverage in 17728 total execs
havoc stage: 16 new branches in 17728 total execs
Trying to fuzz input pals_lcr.7.ufo.BOUNDED-14.pals.c_out/queue/id:000022,src:000000,op:havoc,rep:16,+cov: 
which hit branch 44877 (hit by 1 inputs) 
while bitflipping, 134 of 288 tries hit branch 44877
while calibrating, 69 of 109 tries hit branch 44877
calib stage: 1 new coverage in 405 total execs
calib stage: 0 new branches in 405 total execs
In deterministic stage, 2035 of 2114 tries hit branch 44877
det stage: 2 new coverage in 2527 total execs
det stage: 0 new branches in 2527 total execs
In havoc stage, 7269 of 16384 tries hit branch 44877
havoc stage: 43 new coverage in 19242 total execs
havoc stage: 6 new branches in 19242 total execs
Was returning list of size 0
Upped max exp to 2
Trying to fuzz input pals_lcr.7.ufo.BOUNDED-14.pals.c_out/queue/id:000054,src:000022,op:havoc,rep:64,+cov: 
which hit branch 45471 (hit by 3 inputs) 
while bitflipping, 223 of 448 tries hit branch 45471
while calibrating, 112 of 169 tries hit branch 45471
calib stage: 1 new coverage in 625 total execs
calib stage: 0 new branches in 625 total execs
In deterministic stage, 3505 of 3524 tries hit branch 45471
det stage: 1 new coverage in 4150 total execs
det stage: 0 new branches in 4150 total execs
In havoc stage, 3483 of 8777 tries hit branch 45471
havoc stage: 22 new coverage in 13097 total execs
havoc stage: 1 new branches in 13097 total execs
