Entering new queueing cycle
while bitflipping, 0 of 0 tries hit branch -1
while calibrating, 0 of 0 tries hit branch -1
calib stage: 19 new coverage in 692 total execs
calib stage: 10 new branches in 692 total execs
In deterministic stage, 0 of 0 tries hit branch -1
det stage: 32 new coverage in 11126 total execs
det stage: 14 new branches in 11126 total execs
In havoc stage, 0 of 0 tries hit branch -1
havoc stage: 53 new coverage in 44062 total execs
havoc stage: 24 new branches in 44062 total execs
Trying to fuzz input pals_opt-floodmax.3.ufo.BOUNDED-6.pals.c_out/queue/id:000049,src:000000,op:havoc,rep:4,+cov: 
which hit branch 40625 (hit by 11 inputs) 
while bitflipping, 393 of 664 tries hit branch 40625
while calibrating, 181 of 250 tries hit branch 40625
calib stage: 0 new coverage in 914 total execs
calib stage: 0 new branches in 914 total execs
In deterministic stage, 5766 of 5868 tries hit branch 40625
det stage: 0 new coverage in 6782 total execs
det stage: 0 new branches in 6782 total execs
In havoc stage, 1406 of 4096 tries hit branch 40625
havoc stage: 2 new coverage in 10894 total execs
havoc stage: 0 new branches in 10894 total execs
Was returning list of size 0
Upped max exp to 5
Entering new queueing cycle
Trying to fuzz input pals_opt-floodmax.3.ufo.BOUNDED-6.pals.c_out/queue/id:000044,src:000000,op:havoc,rep:2,+cov: 
which hit branch 61468 (hit by 26 inputs) 
while bitflipping, 466 of 728 tries hit branch 61468
while calibrating, 204 of 274 tries hit branch 61468
calib stage: 0 new coverage in 1002 total execs
calib stage: 0 new branches in 1002 total execs
In deterministic stage, 7555 of 7696 tries hit branch 61468
det stage: 0 new coverage in 8698 total execs
det stage: 0 new branches in 8698 total execs
In havoc stage, 138 of 465 tries hit branch 61468
havoc stage: 0 new coverage in 9163 total execs
havoc stage: 0 new branches in 9163 total execs
