Entering new queueing cycle
while bitflipping, 0 of 0 tries hit branch -1
while calibrating, 0 of 0 tries hit branch -1
calib stage: 1 new coverage in 80 total execs
calib stage: 0 new branches in 80 total execs
In deterministic stage, 0 of 0 tries hit branch -1
det stage: 3 new coverage in 1167 total execs
det stage: 2 new branches in 1167 total execs
In havoc stage, 0 of 0 tries hit branch -1
havoc stage: 19 new coverage in 17681 total execs
havoc stage: 14 new branches in 17681 total execs
Trying to fuzz input pals_opt-floodmax.4.2.ufo.BOUNDED-8.pals.c_out/queue/id:000011,src:000000,op:havoc,rep:2,+cov: 
which hit branch 58304 (hit by 2 inputs) 
while bitflipping, 64 of 288 tries hit branch 58304
while calibrating, 52 of 109 tries hit branch 58304
calib stage: 0 new coverage in 397 total execs
calib stage: 0 new branches in 397 total execs
In deterministic stage, 941 of 945 tries hit branch 58304
det stage: 0 new coverage in 1342 total execs
det stage: 0 new branches in 1342 total execs
In havoc stage, 6627 of 16384 tries hit branch 58304
havoc stage: 25 new coverage in 17933 total execs
havoc stage: 7 new branches in 17933 total execs
Trying to fuzz input pals_opt-floodmax.4.2.ufo.BOUNDED-8.pals.c_out/queue/id:000024,src:000011,op:havoc,rep:128,+cov: 
which hit branch 64939 (hit by 1 inputs) 
while bitflipping, 174 of 448 tries hit branch 64939
while calibrating, 99 of 169 tries hit branch 64939
calib stage: 1 new coverage in 625 total execs
calib stage: 1 new branches in 625 total execs
In deterministic stage, 2891 of 2915 tries hit branch 64939
det stage: 2 new coverage in 3548 total execs
det stage: 2 new branches in 3548 total execs
In havoc stage, 4345 of 6910 tries hit branch 64939
havoc stage: 11 new coverage in 10532 total execs
havoc stage: 5 new branches in 10532 total execs
