Entering new queueing cycle
while bitflipping, 0 of 0 tries hit branch -1
while calibrating, 0 of 0 tries hit branch -1
calib stage: 30 new coverage in 1032 total execs
calib stage: 17 new branches in 1032 total execs
In deterministic stage, 0 of 0 tries hit branch -1
det stage: 53 new coverage in 16453 total execs
det stage: 22 new branches in 16453 total execs
In havoc stage, 0 of 0 tries hit branch -1
havoc stage: 89 new coverage in 49510 total execs
havoc stage: 33 new branches in 49510 total execs
Trying to fuzz input pals_opt-floodmax.4.3.ufo.BOUNDED-8.pals.c_out/queue/id:000088,src:000000,op:havoc,rep:16,+cov: 
which hit branch 25015 (hit by 3 inputs) 
while bitflipping, 271 of 536 tries hit branch 25015
while calibrating, 132 of 202 tries hit branch 25015
calib stage: 0 new coverage in 738 total execs
calib stage: 0 new branches in 738 total execs
In deterministic stage, 3045 of 3130 tries hit branch 25015
det stage: 0 new coverage in 3869 total execs
det stage: 0 new branches in 3869 total execs
In havoc stage, 2237 of 6396 tries hit branch 25015
havoc stage: 4 new coverage in 10297 total execs
havoc stage: 0 new branches in 10297 total execs
