Entering new queueing cycle
while bitflipping, 0 of 0 tries hit branch -1
while calibrating, 0 of 0 tries hit branch -1
calib stage: 12 new coverage in 564 total execs
calib stage: 7 new branches in 564 total execs
In deterministic stage, 0 of 0 tries hit branch -1
det stage: 20 new coverage in 9564 total execs
det stage: 14 new branches in 9564 total execs
In havoc stage, 0 of 0 tries hit branch -1
havoc stage: 102 new coverage in 42988 total execs
havoc stage: 32 new branches in 42988 total execs
Trying to fuzz input pals_lcr-var-start-time.5.2.ufo.BOUNDED-10.pals.c_out/queue/id:000100,src:000000,op:havoc,rep:16,+cov: 
which hit branch 44741 (hit by 2 inputs) 
while bitflipping, 615 of 824 tries hit branch 44741
while calibrating, 257 of 310 tries hit branch 44741
calib stage: 0 new coverage in 1134 total execs
calib stage: 0 new branches in 1134 total execs
In deterministic stage, 10360 of 10394 tries hit branch 44741
det stage: 0 new coverage in 11528 total execs
det stage: 0 new branches in 11528 total execs
In havoc stage, 4650 of 11083 tries hit branch 44741
havoc stage: 10 new coverage in 22691 total execs
havoc stage: 0 new branches in 22691 total execs
