Entering new queueing cycle
while bitflipping, 0 of 0 tries hit branch -1
while calibrating, 0 of 0 tries hit branch -1
calib stage: 0 new coverage in 36 total execs
calib stage: 0 new branches in 36 total execs
In deterministic stage, 0 of 0 tries hit branch -1
det stage: 2 new coverage in 648 total execs
det stage: 2 new branches in 648 total execs
In havoc stage, 0 of 0 tries hit branch -1
havoc stage: 3 new coverage in 2704 total execs
havoc stage: 3 new branches in 2704 total execs
Trying to fuzz input pals_STARTPALS_ActiveStandby.ufo.BOUNDED-10.pals.c_out/queue/id:000003,src:000000,op:havoc,rep:32,+cov: 
which hit branch 63175 (hit by 1 inputs) 
while bitflipping, 136 of 136 tries hit branch 63175
while calibrating, 52 of 52 tries hit branch 63175
calib stage: 2 new coverage in 204 total execs
calib stage: 2 new branches in 204 total execs
In deterministic stage, 3144 of 3144 tries hit branch 63175
det stage: 5 new coverage in 3372 total execs
det stage: 4 new branches in 3372 total execs
In havoc stage, 7014 of 32768 tries hit branch 63175
havoc stage: 26 new coverage in 36308 total execs
havoc stage: 8 new branches in 36308 total execs
Was returning list of size 0
Upped max exp to 9
Trying to fuzz input pals_STARTPALS_ActiveStandby.ufo.BOUNDED-10.pals.c_out/queue/id:000015,src:000003,op:havoc,rep:8,+cov: 
which hit branch 24475 (hit by 490 inputs) 
while bitflipping, 96 of 232 tries hit branch 24475
while calibrating, 51 of 88 tries hit branch 24475
calib stage: 0 new coverage in 320 total execs
calib stage: 0 new branches in 320 total execs
In deterministic stage, 1412 of 1453 tries hit branch 24475
det stage: 0 new coverage in 1773 total execs
det stage: 0 new branches in 1773 total execs
In havoc stage, 2006 of 4096 tries hit branch 24475
havoc stage: 2 new coverage in 5885 total execs
havoc stage: 1 new branches in 5885 total execs
Trying to fuzz input pals_STARTPALS_ActiveStandby.ufo.BOUNDED-10.pals.c_out/queue/id:000031,src:000015,op:havoc,rep:64,+cov: 
which hit branch 60889 (hit by 3 inputs) 
while bitflipping, 152 of 288 tries hit branch 60889
while calibrating, 74 of 109 tries hit branch 60889
calib stage: 0 new coverage in 397 total execs
calib stage: 0 new branches in 397 total execs
In deterministic stage, 2423 of 2429 tries hit branch 60889
det stage: 0 new coverage in 2826 total execs
det stage: 0 new branches in 2826 total execs
In havoc stage, 10465 of 18818 tries hit branch 60889
havoc stage: 6 new coverage in 21692 total execs
havoc stage: 1 new branches in 21692 total execs
