Entering new queueing cycle
while bitflipping, 0 of 0 tries hit branch -1
while calibrating, 0 of 0 tries hit branch -1
calib stage: 25 new coverage in 578 total execs
calib stage: 8 new branches in 578 total execs
In deterministic stage, 0 of 0 tries hit branch -1
det stage: 37 new coverage in 7856 total execs
det stage: 14 new branches in 7856 total execs
In havoc stage, 0 of 0 tries hit branch -1
havoc stage: 69 new coverage in 40880 total execs
havoc stage: 20 new branches in 40880 total execs
Was returning list of size 0
Upped max exp to 6
Trying to fuzz input pals_lcr.5.1.ufo.BOUNDED-10.pals.c_out/queue/id:000028,src:000000,op:flip4,pos:30,+cov: 
which hit branch 19039 (hit by 48 inputs) 
while bitflipping, 208 of 336 tries hit branch 19039
while calibrating, 94 of 127 tries hit branch 19039
calib stage: 1 new coverage in 471 total execs
calib stage: 0 new branches in 471 total execs
In deterministic stage, 2840 of 2840 tries hit branch 19039
det stage: 1 new coverage in 3311 total execs
det stage: 0 new branches in 3311 total execs
In havoc stage, 9644 of 22204 tries hit branch 19039
havoc stage: 11 new coverage in 25595 total execs
havoc stage: 0 new branches in 25595 total execs
