Entering new queueing cycle
while bitflipping, 0 of 0 tries hit branch -1
while calibrating, 0 of 0 tries hit branch -1
calib stage: 1 new coverage in 80 total execs
calib stage: 0 new branches in 80 total execs
In deterministic stage, 0 of 0 tries hit branch -1
det stage: 3 new coverage in 1166 total execs
det stage: 2 new branches in 1166 total execs
In havoc stage, 0 of 0 tries hit branch -1
havoc stage: 22 new coverage in 34086 total execs
havoc stage: 16 new branches in 34086 total execs
Trying to fuzz input pals_floodmax.4.4.ufo.BOUNDED-8.pals.c_out/queue/id:000014,src:000000,op:havoc,rep:4,+cov: 
which hit branch 31323 (hit by 1 inputs) 
while bitflipping, 30 of 224 tries hit branch 31323
while calibrating, 35 of 85 tries hit branch 31323
calib stage: 1 new coverage in 317 total execs
calib stage: 0 new branches in 317 total execs
In deterministic stage, 363 of 393 tries hit branch 31323
det stage: 2 new coverage in 718 total execs
det stage: 0 new branches in 718 total execs
In havoc stage, 9023 of 31412 tries hit branch 31323
havoc stage: 32 new coverage in 32370 total execs
havoc stage: 1 new branches in 32370 total execs
