Entering new queueing cycle
while bitflipping, 0 of 0 tries hit branch -1
while calibrating, 0 of 0 tries hit branch -1
calib stage: 22 new coverage in 554 total execs
calib stage: 8 new branches in 554 total execs
In deterministic stage, 0 of 0 tries hit branch -1
det stage: 33 new coverage in 7824 total execs
det stage: 14 new branches in 7824 total execs
In havoc stage, 0 of 0 tries hit branch -1
havoc stage: 65 new coverage in 40848 total execs
havoc stage: 20 new branches in 40848 total execs
Was returning list of size 0
Upped max exp to 5
Trying to fuzz input pals_lcr.5.ufo.BOUNDED-10.pals.c_out/queue/id:000025,src:000000,op:flip4,pos:30,+cov: 
which hit branch 17733 (hit by 26 inputs) 
while bitflipping, 208 of 336 tries hit branch 17733
while calibrating, 94 of 127 tries hit branch 17733
calib stage: 1 new coverage in 471 total execs
calib stage: 0 new branches in 471 total execs
In deterministic stage, 2840 of 2840 tries hit branch 17733
det stage: 2 new coverage in 3319 total execs
det stage: 0 new branches in 3319 total execs
In havoc stage, 882 of 2048 tries hit branch 17733
havoc stage: 3 new coverage in 5375 total execs
havoc stage: 0 new branches in 5375 total execs
Was returning list of size 0
Upped max exp to 7
Trying to fuzz input pals_lcr.5.ufo.BOUNDED-10.pals.c_out/queue/id:000029,src:000000,op:arith8,pos:6,val:-5,+cov: 
which hit branch 38801 (hit by 111 inputs) 
while bitflipping, 304 of 336 tries hit branch 38801
while calibrating, 118 of 127 tries hit branch 38801
calib stage: 0 new coverage in 463 total execs
calib stage: 0 new branches in 463 total execs
In deterministic stage, 6170 of 6170 tries hit branch 38801
det stage: 0 new coverage in 6633 total execs
det stage: 0 new branches in 6633 total execs
In havoc stage, 1079 of 2048 tries hit branch 38801
havoc stage: 1 new coverage in 8689 total execs
havoc stage: 0 new branches in 8689 total execs
Trying to fuzz input pals_lcr.5.ufo.BOUNDED-10.pals.c_out/queue/id:000031,src:000000,op:arith8,pos:22,val:-3,+cov: 
which hit branch 37122 (hit by 96 inputs) 
while bitflipping, 240 of 336 tries hit branch 37122
while calibrating, 102 of 127 tries hit branch 37122
calib stage: 0 new coverage in 463 total execs
calib stage: 0 new branches in 463 total execs
In deterministic stage, 3949 of 3949 tries hit branch 37122
det stage: 0 new coverage in 4412 total execs
det stage: 0 new branches in 4412 total execs
In havoc stage, 971 of 2048 tries hit branch 37122
havoc stage: 1 new coverage in 6468 total execs
havoc stage: 0 new branches in 6468 total execs
Was returning list of size 0
Upped max exp to 8
Trying to fuzz input pals_lcr.5.ufo.BOUNDED-10.pals.c_out/queue/id:000044,src:000000,op:havoc,rep:8: 
which hit branch 51428 (hit by 156 inputs) 
while bitflipping, 272 of 336 tries hit branch 51428
while calibrating, 110 of 127 tries hit branch 51428
calib stage: 0 new coverage in 463 total execs
calib stage: 0 new branches in 463 total execs
In deterministic stage, 5021 of 5021 tries hit branch 51428
det stage: 0 new coverage in 5484 total execs
det stage: 0 new branches in 5484 total execs
In havoc stage, 21 of 52 tries hit branch 51428
havoc stage: 0 new coverage in 5536 total execs
havoc stage: 0 new branches in 5536 total execs
