Entering new queueing cycle
while bitflipping, 0 of 0 tries hit branch -1
while calibrating, 0 of 0 tries hit branch -1
calib stage: 1 new coverage in 82 total execs
calib stage: 0 new branches in 82 total execs
In deterministic stage, 0 of 0 tries hit branch -1
det stage: 3 new coverage in 1168 total execs
det stage: 2 new branches in 1168 total execs
In havoc stage, 0 of 0 tries hit branch -1
havoc stage: 15 new coverage in 17650 total execs
havoc stage: 13 new branches in 17650 total execs
Trying to fuzz input pals_opt-floodmax.5.2.ufo.BOUNDED-10.pals.c_out/queue/id:000013,src:000000,op:havoc,rep:4,+cov: 
which hit branch 51336 (hit by 1 inputs) 
while bitflipping, 80 of 304 tries hit branch 51336
while calibrating, 58 of 115 tries hit branch 51336
calib stage: 1 new coverage in 427 total execs
calib stage: 0 new branches in 427 total execs
In deterministic stage, 1120 of 1129 tries hit branch 51336
det stage: 1 new coverage in 1558 total execs
det stage: 0 new branches in 1558 total execs
In havoc stage, 3117 of 8504 tries hit branch 51336
havoc stage: 19 new coverage in 10217 total execs
havoc stage: 7 new branches in 10217 total execs
