Entering new queueing cycle
while bitflipping, 0 of 0 tries hit branch -1
while calibrating, 0 of 0 tries hit branch -1
calib stage: 20 new coverage in 700 total execs
calib stage: 11 new branches in 700 total execs
In deterministic stage, 0 of 0 tries hit branch -1
det stage: 32 new coverage in 11126 total execs
det stage: 15 new branches in 11126 total execs
In havoc stage, 0 of 0 tries hit branch -1
havoc stage: 57 new coverage in 44094 total execs
havoc stage: 25 new branches in 44094 total execs
Trying to fuzz input pals_opt-floodmax.3.4.ufo.BOUNDED-6.pals.c_out/queue/id:000054,src:000000,op:havoc,rep:32,+cov: 
which hit branch 47048 (hit by 6 inputs) 
while bitflipping, 389 of 648 tries hit branch 47048
while calibrating, 172 of 244 tries hit branch 47048
calib stage: 0 new coverage in 892 total execs
calib stage: 0 new branches in 892 total execs
In deterministic stage, 5615 of 5779 tries hit branch 47048
det stage: 0 new coverage in 6671 total execs
det stage: 0 new branches in 6671 total execs
In havoc stage, 720 of 2048 tries hit branch 47048
havoc stage: 1 new coverage in 8727 total execs
havoc stage: 0 new branches in 8727 total execs
Was returning list of size 0
Upped max exp to 6
Entering new queueing cycle
Trying to fuzz input pals_opt-floodmax.3.4.ufo.BOUNDED-6.pals.c_out/queue/id:000051,src:000000,op:havoc,rep:8,+cov: 
which hit branch 18834 (hit by 60 inputs) 
while bitflipping, 369 of 632 tries hit branch 18834
while calibrating, 171 of 238 tries hit branch 18834
calib stage: 0 new coverage in 870 total execs
calib stage: 0 new branches in 870 total execs
In deterministic stage, 5027 of 5085 tries hit branch 18834
det stage: 0 new coverage in 5955 total execs
det stage: 0 new branches in 5955 total execs
In havoc stage, 773 of 2048 tries hit branch 18834
havoc stage: 1 new coverage in 8011 total execs
havoc stage: 0 new branches in 8011 total execs
Trying to fuzz input pals_opt-floodmax.3.4.ufo.BOUNDED-6.pals.c_out/queue/id:000052,src:000000,op:havoc,rep:32,+cov: 
which hit branch 37453 (hit by 38 inputs) 
while bitflipping, 340 of 448 tries hit branch 37453
while calibrating, 140 of 169 tries hit branch 37453
calib stage: 0 new coverage in 617 total execs
calib stage: 0 new branches in 617 total execs
In havoc stage, 2640 of 2652 tries hit branch 37453
havoc stage: 0 new coverage in 3269 total execs
havoc stage: 0 new branches in 3269 total execs
