Entering new queueing cycle
while bitflipping, 0 of 0 tries hit branch -1
while calibrating, 0 of 0 tries hit branch -1
calib stage: 0 new coverage in 36 total execs
calib stage: 0 new branches in 36 total execs
In deterministic stage, 0 of 0 tries hit branch -1
det stage: 2 new coverage in 648 total execs
det stage: 2 new branches in 648 total execs
In havoc stage, 0 of 0 tries hit branch -1
havoc stage: 15 new coverage in 33520 total execs
havoc stage: 10 new branches in 33520 total execs
Trying to fuzz input pals_STARTPALS_ActiveStandby.4_1.ufo.BOUNDED-10.pals.c_out/queue/id:000010,src:000000,op:havoc,rep:16,+cov: 
which hit branch 9787 (hit by 1 inputs) 
while bitflipping, 152 of 200 tries hit branch 9787
while calibrating, 63 of 76 tries hit branch 9787
calib stage: 0 new coverage in 276 total execs
calib stage: 0 new branches in 276 total execs
In deterministic stage, 2001 of 2008 tries hit branch 9787
det stage: 0 new coverage in 2284 total execs
det stage: 0 new branches in 2284 total execs
In havoc stage, 14997 of 32768 tries hit branch 9787
havoc stage: 10 new coverage in 35132 total execs
havoc stage: 1 new branches in 35132 total execs
Trying to fuzz input pals_STARTPALS_ActiveStandby.4_1.ufo.BOUNDED-10.pals.c_out/queue/id:000025,src:000010,op:havoc,rep:128,+cov: 
which hit branch 49561 (hit by 1 inputs) 
while bitflipping, 296 of 432 tries hit branch 49561
while calibrating, 128 of 163 tries hit branch 49561
calib stage: 0 new coverage in 595 total execs
calib stage: 0 new branches in 595 total execs
In havoc stage, 620 of 621 tries hit branch 49561
havoc stage: 0 new coverage in 1216 total execs
havoc stage: 0 new branches in 1216 total execs
