Entering new queueing cycle
while bitflipping, 0 of 0 tries hit branch -1
while calibrating, 0 of 0 tries hit branch -1
calib stage: 29 new coverage in 754 total execs
calib stage: 10 new branches in 754 total execs
In deterministic stage, 0 of 0 tries hit branch -1
det stage: 49 new coverage in 10910 total execs
det stage: 19 new branches in 10910 total execs
In havoc stage, 0 of 0 tries hit branch -1
havoc stage: 92 new coverage in 44024 total execs
havoc stage: 24 new branches in 44024 total execs
Was returning list of size 0
Upped max exp to 6
Trying to fuzz input pals_lcr.7.ufo.BOUNDED-14.pals.c_out/queue/id:000035,src:000000,op:flip4,pos:46,+cov: 
which hit branch 42853 (hit by 42 inputs) 
while bitflipping, 272 of 464 tries hit branch 42853
while calibrating, 125 of 175 tries hit branch 42853
calib stage: 1 new coverage in 647 total execs
calib stage: 0 new branches in 647 total execs
In deterministic stage, 3430 of 3432 tries hit branch 42853
det stage: 2 new coverage in 4087 total execs
det stage: 0 new branches in 4087 total execs
In havoc stage, 6275 of 15770 tries hit branch 42853
havoc stage: 22 new coverage in 20018 total execs
havoc stage: 0 new branches in 20018 total execs
