Entering new queueing cycle
while bitflipping, 0 of 0 tries hit branch -1
while calibrating, 0 of 0 tries hit branch -1
calib stage: 1 new coverage in 80 total execs
calib stage: 0 new branches in 80 total execs
In deterministic stage, 0 of 0 tries hit branch -1
det stage: 3 new coverage in 1166 total execs
det stage: 2 new branches in 1166 total execs
In havoc stage, 0 of 0 tries hit branch -1
havoc stage: 21 new coverage in 34078 total execs
havoc stage: 18 new branches in 34078 total execs
Trying to fuzz input pals_floodmax.5.1.ufo.BOUNDED-10.pals.c_out/queue/id:000017,src:000000,op:havoc,rep:8,+cov: 
which hit branch 48786 (hit by 1 inputs) 
while bitflipping, 53 of 368 tries hit branch 48786
while calibrating, 58 of 139 tries hit branch 48786
calib stage: 5 new coverage in 547 total execs
calib stage: 2 new branches in 547 total execs
In deterministic stage, 574 of 604 tries hit branch 48786
det stage: 5 new coverage in 1151 total execs
det stage: 2 new branches in 1151 total execs
In havoc stage, 6643 of 26603 tries hit branch 48786
havoc stage: 38 new coverage in 28018 total execs
havoc stage: 7 new branches in 28018 total execs
