Entering new queueing cycle
while bitflipping, 0 of 0 tries hit branch -1
while calibrating, 0 of 0 tries hit branch -1
calib stage: 24 new coverage in 750 total execs
calib stage: 9 new branches in 750 total execs
In deterministic stage, 0 of 0 tries hit branch -1
det stage: 46 new coverage in 11619 total execs
det stage: 18 new branches in 11619 total execs
In havoc stage, 0 of 0 tries hit branch -1
havoc stage: 124 new coverage in 45011 total execs
havoc stage: 30 new branches in 45011 total execs
Trying to fuzz input pals_lcr-var-start-time.6.1.ufo.BOUNDED-12.pals.c_out/queue/id:000045,src:000000,op:arith8,pos:56,val:-1,+cov: 
which hit branch 51079 (hit by 6 inputs) 
while bitflipping, 247 of 496 tries hit branch 51079
while calibrating, 124 of 187 tries hit branch 51079
calib stage: 5 new coverage in 723 total execs
calib stage: 0 new branches in 723 total execs
In deterministic stage, 2305 of 2332 tries hit branch 51079
det stage: 5 new coverage in 3055 total execs
det stage: 0 new branches in 3055 total execs
In havoc stage, 5771 of 15941 tries hit branch 51079
havoc stage: 14 new coverage in 19068 total execs
havoc stage: 0 new branches in 19068 total execs
