Entering new queueing cycle
while bitflipping, 0 of 0 tries hit branch -1
while calibrating, 0 of 0 tries hit branch -1
calib stage: 1 new coverage in 80 total execs
calib stage: 0 new branches in 80 total execs
In deterministic stage, 0 of 0 tries hit branch -1
det stage: 2 new coverage in 1158 total execs
det stage: 1 new branches in 1158 total execs
In havoc stage, 0 of 0 tries hit branch -1
havoc stage: 24 new coverage in 7862 total execs
havoc stage: 12 new branches in 7862 total execs
Trying to fuzz input pals_lcr.4.ufo.BOUNDED-8.pals.c_out/queue/id:000007,src:000000,op:havoc,rep:4,+cov: 
which hit branch 62102 (hit by 3 inputs) 
while bitflipping, 16 of 64 tries hit branch 62102
while calibrating, 11 of 25 tries hit branch 62102
calib stage: 0 new coverage in 89 total execs
calib stage: 0 new branches in 89 total execs
In deterministic stage, 142 of 143 tries hit branch 62102
det stage: 0 new coverage in 232 total execs
det stage: 0 new branches in 232 total execs
In havoc stage, 2398 of 6528 tries hit branch 62102
havoc stage: 14 new coverage in 6872 total execs
havoc stage: 2 new branches in 6872 total execs
Trying to fuzz input pals_lcr.4.ufo.BOUNDED-8.pals.c_out/queue/id:000032,src:000007,op:havoc,rep:128,+cov: 
which hit branch 46957 (hit by 1 inputs) 
while bitflipping, 127 of 192 tries hit branch 46957
while calibrating, 56 of 73 tries hit branch 46957
calib stage: 0 new coverage in 265 total execs
calib stage: 0 new branches in 265 total execs
In deterministic stage, 1728 of 1776 tries hit branch 46957
det stage: 0 new coverage in 2041 total execs
det stage: 0 new branches in 2041 total execs
In havoc stage, 3267 of 6528 tries hit branch 46957
havoc stage: 16 new coverage in 8697 total execs
havoc stage: 2 new branches in 8697 total execs
Was returning list of size 0
Upped max exp to 6
Trying to fuzz input pals_lcr.4.ufo.BOUNDED-8.pals.c_out/queue/id:000040,src:000032,op:havoc,rep:64,+cov: 
which hit branch 27590 (hit by 59 inputs) 
while bitflipping, 224 of 256 tries hit branch 27590
while calibrating, 88 of 97 tries hit branch 27590
calib stage: 0 new coverage in 353 total execs
calib stage: 0 new branches in 353 total execs
In havoc stage, 2474 of 2476 tries hit branch 27590
havoc stage: 0 new coverage in 2829 total execs
havoc stage: 0 new branches in 2829 total execs
