Entering new queueing cycle
while bitflipping, 0 of 0 tries hit branch -1
while calibrating, 0 of 0 tries hit branch -1
calib stage: 1 new coverage in 80 total execs
calib stage: 0 new branches in 80 total execs
In deterministic stage, 0 of 0 tries hit branch -1
det stage: 2 new coverage in 1158 total execs
det stage: 1 new branches in 1158 total execs
In havoc stage, 0 of 0 tries hit branch -1
havoc stage: 23 new coverage in 34096 total execs
havoc stage: 16 new branches in 34096 total execs
Trying to fuzz input pals_lcr-var-start-time.3.ufo.BOUNDED-6.pals.c_out/queue/id:000021,src:000000,op:havoc,rep:16,+cov: 
which hit branch 38723 (hit by 2 inputs) 
while bitflipping, 180 of 264 tries hit branch 38723
while calibrating, 77 of 100 tries hit branch 38723
calib stage: 4 new coverage in 396 total execs
calib stage: 0 new branches in 396 total execs
In deterministic stage, 3203 of 3386 tries hit branch 38723
det stage: 4 new coverage in 3784 total execs
det stage: 0 new branches in 3784 total execs
In havoc stage, 2087 of 6114 tries hit branch 38723
havoc stage: 12 new coverage in 9962 total execs
havoc stage: 3 new branches in 9962 total execs
