Entering new queueing cycle
while bitflipping, 0 of 0 tries hit branch -1
while calibrating, 0 of 0 tries hit branch -1
calib stage: 1 new coverage in 80 total execs
calib stage: 0 new branches in 80 total execs
In deterministic stage, 0 of 0 tries hit branch -1
det stage: 3 new coverage in 1166 total execs
det stage: 2 new branches in 1166 total execs
In havoc stage, 0 of 0 tries hit branch -1
havoc stage: 22 new coverage in 34086 total execs
havoc stage: 14 new branches in 34086 total execs
Trying to fuzz input pals_floodmax.3.4.ufo.BOUNDED-6.pals.c_out/queue/id:000018,src:000000,op:havoc,rep:8,+cov: 
which hit branch 22587 (hit by 1 inputs) 
while bitflipping, 30 of 176 tries hit branch 22587
while calibrating, 27 of 67 tries hit branch 22587
calib stage: 1 new coverage in 251 total execs
calib stage: 0 new branches in 251 total execs
In deterministic stage, 375 of 437 tries hit branch 22587
det stage: 2 new coverage in 696 total execs
det stage: 0 new branches in 696 total execs
In havoc stage, 5499 of 22590 tries hit branch 22587
havoc stage: 14 new coverage in 23382 total execs
havoc stage: 1 new branches in 23382 total execs
