Entering new queueing cycle
while bitflipping, 0 of 0 tries hit branch -1
while calibrating, 0 of 0 tries hit branch -1
calib stage: 32 new coverage in 778 total execs
calib stage: 10 new branches in 778 total execs
In deterministic stage, 0 of 0 tries hit branch -1
det stage: 55 new coverage in 10958 total execs
det stage: 19 new branches in 10958 total execs
In havoc stage, 0 of 0 tries hit branch -1
havoc stage: 96 new coverage in 44054 total execs
havoc stage: 25 new branches in 44054 total execs
Was returning list of size 0
Upped max exp to 6
Trying to fuzz input pals_lcr.7.1.ufo.BOUNDED-14.pals.c_out/queue/id:000038,src:000000,op:flip4,pos:46,+cov: 
which hit branch 20290 (hit by 40 inputs) 
while bitflipping, 272 of 464 tries hit branch 20290
while calibrating, 126 of 175 tries hit branch 20290
calib stage: 2 new coverage in 655 total execs
calib stage: 0 new branches in 655 total execs
In deterministic stage, 3430 of 3432 tries hit branch 20290
det stage: 3 new coverage in 4095 total execs
det stage: 0 new branches in 4095 total execs
In havoc stage, 6340 of 15596 tries hit branch 20290
havoc stage: 18 new coverage in 19811 total execs
havoc stage: 0 new branches in 19811 total execs
