Entering new queueing cycle
while bitflipping, 0 of 0 tries hit branch -1
while calibrating, 0 of 0 tries hit branch -1
calib stage: 1 new coverage in 80 total execs
calib stage: 0 new branches in 80 total execs
In deterministic stage, 0 of 0 tries hit branch -1
det stage: 2 new coverage in 1158 total execs
det stage: 1 new branches in 1158 total execs
In havoc stage, 0 of 0 tries hit branch -1
havoc stage: 18 new coverage in 17673 total execs
havoc stage: 14 new branches in 17673 total execs
Trying to fuzz input pals_lcr-var-start-time.4.ufo.BOUNDED-8.pals.c_out/queue/id:000010,src:000000,op:havoc,rep:32,+cov: 
which hit branch 30551 (hit by 1 inputs) 
while bitflipping, 224 of 352 tries hit branch 30551
while calibrating, 101 of 133 tries hit branch 30551
calib stage: 9 new coverage in 557 total execs
calib stage: 1 new branches in 557 total execs
In deterministic stage, 4640 of 4777 tries hit branch 30551
det stage: 9 new coverage in 5334 total execs
det stage: 1 new branches in 5334 total execs
In havoc stage, 1847 of 4778 tries hit branch 30551
havoc stage: 20 new coverage in 10200 total execs
havoc stage: 3 new branches in 10200 total execs
