Entering new queueing cycle
while bitflipping, 0 of 0 tries hit branch -1
while calibrating, 0 of 0 tries hit branch -1
calib stage: 21 new coverage in 636 total execs
calib stage: 9 new branches in 636 total execs
In deterministic stage, 0 of 0 tries hit branch -1
det stage: 30 new coverage in 9644 total execs
det stage: 17 new branches in 9644 total execs
In havoc stage, 0 of 0 tries hit branch -1
havoc stage: 107 new coverage in 43028 total execs
havoc stage: 32 new branches in 43028 total execs
Trying to fuzz input pals_lcr-var-start-time.5.1.ufo.BOUNDED-10.pals.c_out/queue/id:000046,src:000000,op:havoc,rep:8,+cov: 
which hit branch 62925 (hit by 6 inputs) 
while bitflipping, 480 of 672 tries hit branch 62925
while calibrating, 204 of 253 tries hit branch 62925
calib stage: 0 new coverage in 925 total execs
calib stage: 0 new branches in 925 total execs
In deterministic stage, 7893 of 8070 tries hit branch 62925
det stage: 0 new coverage in 8995 total execs
det stage: 0 new branches in 8995 total execs
In havoc stage, 4298 of 13621 tries hit branch 62925
havoc stage: 7 new coverage in 22672 total execs
havoc stage: 0 new branches in 22672 total execs
