Entering new queueing cycle
while bitflipping, 0 of 0 tries hit branch -1
while calibrating, 0 of 0 tries hit branch -1
calib stage: 1 new coverage in 80 total execs
calib stage: 0 new branches in 80 total execs
In deterministic stage, 0 of 0 tries hit branch -1
det stage: 2 new coverage in 1158 total execs
det stage: 1 new branches in 1158 total execs
In havoc stage, 0 of 0 tries hit branch -1
havoc stage: 19 new coverage in 7824 total execs
havoc stage: 12 new branches in 7824 total execs
Trying to fuzz input pals_lcr.8.ufo.BOUNDED-16.pals.c_out/queue/id:000011,src:000000,op:havoc,rep:16,+cov: 
which hit branch 1097 (hit by 1 inputs) 
while bitflipping, 45 of 168 tries hit branch 1097
while calibrating, 31 of 64 tries hit branch 1097
calib stage: 3 new coverage in 256 total execs
calib stage: 0 new branches in 256 total execs
In deterministic stage, 542 of 554 tries hit branch 1097
det stage: 3 new coverage in 810 total execs
det stage: 0 new branches in 810 total execs
In havoc stage, 2637 of 6528 tries hit branch 1097
havoc stage: 55 new coverage in 7754 total execs
havoc stage: 8 new branches in 7754 total execs
Trying to fuzz input pals_lcr.8.ufo.BOUNDED-16.pals.c_out/queue/id:000073,src:000011,op:havoc,rep:128,+cov: 
which hit branch 64009 (hit by 1 inputs) 
while bitflipping, 160 of 224 tries hit branch 64009
while calibrating, 68 of 85 tries hit branch 64009
calib stage: 1 new coverage in 317 total execs
calib stage: 0 new branches in 317 total execs
In deterministic stage, 2979 of 2994 tries hit branch 64009
det stage: 1 new coverage in 3311 total execs
det stage: 0 new branches in 3311 total execs
In havoc stage, 3371 of 5668 tries hit branch 64009
havoc stage: 20 new coverage in 9131 total execs
havoc stage: 3 new branches in 9131 total execs
